[0.010s] Invoking command in '/home/svaya/Documents/Ros2/ros2_wp/build/tutorial_interfaces': CMAKE_PREFIX_PATH=/opt/ros/humble /usr/bin/cmake --build /home/svaya/Documents/Ros2/ros2_wp/build/tutorial_interfaces -- -j28 -l28
[0.044s] -- Found ament_cmake: 1.3.11 (/opt/ros/humble/share/ament_cmake/cmake)
[0.164s] -- Found geometry_msgs: 4.9.0 (/opt/ros/humble/share/geometry_msgs/cmake)
[0.184s] -- Found rosidl_generator_c: 3.1.6 (/opt/ros/humble/share/rosidl_generator_c/cmake)
[0.185s] -- Found rosidl_adapter: 3.1.6 (/opt/ros/humble/share/rosidl_adapter/cmake)
[0.190s] -- Found rosidl_generator_cpp: 3.1.6 (/opt/ros/humble/share/rosidl_generator_cpp/cmake)
[0.197s] -- Using all available rosidl_typesupport_c: rosidl_typesupport_fastrtps_c;rosidl_typesupport_introspection_c
[0.206s] -- Using all available rosidl_typesupport_cpp: rosidl_typesupport_fastrtps_cpp;rosidl_typesupport_introspection_cpp
[0.233s] -- Found rosidl_default_generators: 1.2.0 (/opt/ros/humble/share/rosidl_default_generators/cmake)
[0.238s] -- Found rclcpp: 16.0.12 (/opt/ros/humble/share/rclcpp/cmake)
[0.258s] -- Found rmw_implementation_cmake: 6.1.2 (/opt/ros/humble/share/rmw_implementation_cmake/cmake)
[0.260s] -- Found rmw_fastrtps_cpp: 6.2.7 (/opt/ros/humble/share/rmw_fastrtps_cpp/cmake)
[0.334s] -- Using RMW implementation 'rmw_fastrtps_cpp' as default
[0.591s] -- Found ament_cmake_ros: 0.10.0 (/opt/ros/humble/share/ament_cmake_ros/cmake)
[0.903s] -- Using all available rosidl_typesupport_c: rosidl_typesupport_fastrtps_c;rosidl_typesupport_introspection_c
[1.019s] -- Using all available rosidl_typesupport_cpp: rosidl_typesupport_fastrtps_cpp;rosidl_typesupport_introspection_cpp
[1.043s] -- Found python_cmake_module: 0.10.0 (/opt/ros/humble/share/python_cmake_module/cmake)
[1.065s] -- Using PYTHON_EXECUTABLE: /usr/bin/python3
[1.065s] -- Using PYTHON_INCLUDE_DIRS: /usr/include/python3.10
[1.065s] -- Using PYTHON_LIBRARIES: /usr/lib/x86_64-linux-gnu/libpython3.10.so
[1.095s] -- Configuring done
[1.124s] -- Generating done
[1.132s] -- Build files have been written to: /home/svaya/Documents/Ros2/ros2_wp/build/tutorial_interfaces
[1.152s] [35m[1mConsolidate compiler generated dependencies of target tutorial_interfaces__rosidl_generator_c[0m
[1.159s] [  2%] Built target tutorial_interfaces__cpp
[1.161s] [ 12%] Built target tutorial_interfaces__rosidl_generator_c
[1.166s] [ 12%] Built target ament_cmake_python_copy_tutorial_interfaces
[1.167s] [35m[1mConsolidate compiler generated dependencies of target tutorial_interfaces__rosidl_typesupport_cpp[0m
[1.167s] [35m[1mConsolidate compiler generated dependencies of target tutorial_interfaces__rosidl_typesupport_fastrtps_cpp[0m
[1.167s] [35m[1mConsolidate compiler generated dependencies of target tutorial_interfaces__rosidl_typesupport_introspection_cpp[0m
[1.167s] [35m[1mConsolidate compiler generated dependencies of target tutorial_interfaces__rosidl_typesupport_c[0m
[1.169s] [35m[1mConsolidate compiler generated dependencies of target tutorial_interfaces__rosidl_typesupport_introspection_c[0m
[1.169s] [35m[1mConsolidate compiler generated dependencies of target tutorial_interfaces__rosidl_typesupport_fastrtps_c[0m
[1.176s] [ 23%] Built target tutorial_interfaces__rosidl_typesupport_c
[1.176s] [ 34%] Built target tutorial_interfaces__rosidl_typesupport_introspection_c
[1.177s] [ 44%] Built target tutorial_interfaces__rosidl_typesupport_cpp
[1.177s] [ 55%] Built target tutorial_interfaces__rosidl_typesupport_introspection_cpp
[1.178s] [ 65%] Built target tutorial_interfaces__rosidl_typesupport_fastrtps_cpp
[1.179s] [ 76%] Built target tutorial_interfaces__rosidl_typesupport_fastrtps_c
[1.192s] [ 76%] Built target tutorial_interfaces
[1.205s] [ 78%] Built target tutorial_interfaces__py
[1.213s] [35m[1mConsolidate compiler generated dependencies of target tutorial_interfaces__rosidl_generator_py[0m
[1.224s] [ 87%] Built target tutorial_interfaces__rosidl_generator_py
[1.232s] [35m[1mConsolidate compiler generated dependencies of target tutorial_interfaces__rosidl_typesupport_fastrtps_c__pyext[0m
[1.232s] [35m[1mConsolidate compiler generated dependencies of target tutorial_interfaces__rosidl_typesupport_c__pyext[0m
[1.232s] [35m[1mConsolidate compiler generated dependencies of target tutorial_interfaces__rosidl_typesupport_introspection_c__pyext[0m
[1.240s] [ 91%] Built target tutorial_interfaces__rosidl_typesupport_c__pyext
[1.241s] [ 97%] Built target tutorial_interfaces__rosidl_typesupport_fastrtps_c__pyext
[1.241s] [100%] Built target tutorial_interfaces__rosidl_typesupport_introspection_c__pyext
[1.307s] running egg_info
[1.307s] writing tutorial_interfaces.egg-info/PKG-INFO
[1.307s] writing dependency_links to tutorial_interfaces.egg-info/dependency_links.txt
[1.308s] writing top-level names to tutorial_interfaces.egg-info/top_level.txt
[1.309s] reading manifest file 'tutorial_interfaces.egg-info/SOURCES.txt'
[1.310s] writing manifest file 'tutorial_interfaces.egg-info/SOURCES.txt'
[1.328s] [100%] Built target ament_cmake_python_build_tutorial_interfaces_egg
[1.336s] Invoked command in '/home/svaya/Documents/Ros2/ros2_wp/build/tutorial_interfaces' returned '0': CMAKE_PREFIX_PATH=/opt/ros/humble /usr/bin/cmake --build /home/svaya/Documents/Ros2/ros2_wp/build/tutorial_interfaces -- -j28 -l28
[1.342s] Invoking command in '/home/svaya/Documents/Ros2/ros2_wp/build/tutorial_interfaces': CMAKE_PREFIX_PATH=/opt/ros/humble /usr/bin/cmake --install /home/svaya/Documents/Ros2/ros2_wp/build/tutorial_interfaces
[1.347s] -- Install configuration: ""
[1.347s] -- Up-to-date: /home/svaya/Documents/Ros2/ros2_wp/install/tutorial_interfaces/share/ament_index/resource_index/rosidl_interfaces/tutorial_interfaces
[1.347s] -- Up-to-date: /home/svaya/Documents/Ros2/ros2_wp/install/tutorial_interfaces/include/tutorial_interfaces/tutorial_interfaces
[1.347s] -- Up-to-date: /home/svaya/Documents/Ros2/ros2_wp/install/tutorial_interfaces/include/tutorial_interfaces/tutorial_interfaces/srv
[1.347s] -- Up-to-date: /home/svaya/Documents/Ros2/ros2_wp/install/tutorial_interfaces/include/tutorial_interfaces/tutorial_interfaces/srv/add_three_ints.h
[1.347s] -- Up-to-date: /home/svaya/Documents/Ros2/ros2_wp/install/tutorial_interfaces/include/tutorial_interfaces/tutorial_interfaces/srv/detail
[1.347s] -- Up-to-date: /home/svaya/Documents/Ros2/ros2_wp/install/tutorial_interfaces/include/tutorial_interfaces/tutorial_interfaces/srv/detail/add_three_ints__struct.h
[1.347s] -- Up-to-date: /home/svaya/Documents/Ros2/ros2_wp/install/tutorial_interfaces/include/tutorial_interfaces/tutorial_interfaces/srv/detail/add_three_ints__functions.c
[1.347s] -- Up-to-date: /home/svaya/Documents/Ros2/ros2_wp/install/tutorial_interfaces/include/tutorial_interfaces/tutorial_interfaces/srv/detail/add_three_ints__functions.h
[1.347s] -- Up-to-date: /home/svaya/Documents/Ros2/ros2_wp/install/tutorial_interfaces/include/tutorial_interfaces/tutorial_interfaces/srv/detail/add_three_ints__type_support.h
[1.347s] -- Up-to-date: /home/svaya/Documents/Ros2/ros2_wp/install/tutorial_interfaces/include/tutorial_interfaces/tutorial_interfaces/msg
[1.347s] -- Up-to-date: /home/svaya/Documents/Ros2/ros2_wp/install/tutorial_interfaces/include/tutorial_interfaces/tutorial_interfaces/msg/sphere.h
[1.347s] -- Up-to-date: /home/svaya/Documents/Ros2/ros2_wp/install/tutorial_interfaces/include/tutorial_interfaces/tutorial_interfaces/msg/rosidl_generator_c__visibility_control.h
[1.347s] -- Up-to-date: /home/svaya/Documents/Ros2/ros2_wp/install/tutorial_interfaces/include/tutorial_interfaces/tutorial_interfaces/msg/num.h
[1.348s] -- Up-to-date: /home/svaya/Documents/Ros2/ros2_wp/install/tutorial_interfaces/include/tutorial_interfaces/tutorial_interfaces/msg/detail
[1.348s] -- Up-to-date: /home/svaya/Documents/Ros2/ros2_wp/install/tutorial_interfaces/include/tutorial_interfaces/tutorial_interfaces/msg/detail/num__functions.h
[1.348s] -- Up-to-date: /home/svaya/Documents/Ros2/ros2_wp/install/tutorial_interfaces/include/tutorial_interfaces/tutorial_interfaces/msg/detail/sphere__struct.h
[1.348s] -- Up-to-date: /home/svaya/Documents/Ros2/ros2_wp/install/tutorial_interfaces/include/tutorial_interfaces/tutorial_interfaces/msg/detail/sphere__functions.c
[1.348s] -- Up-to-date: /home/svaya/Documents/Ros2/ros2_wp/install/tutorial_interfaces/include/tutorial_interfaces/tutorial_interfaces/msg/detail/num__functions.c
[1.348s] -- Up-to-date: /home/svaya/Documents/Ros2/ros2_wp/install/tutorial_interfaces/include/tutorial_interfaces/tutorial_interfaces/msg/detail/num__struct.h
[1.348s] -- Up-to-date: /home/svaya/Documents/Ros2/ros2_wp/install/tutorial_interfaces/include/tutorial_interfaces/tutorial_interfaces/msg/detail/num__type_support.h
[1.348s] -- Up-to-date: /home/svaya/Documents/Ros2/ros2_wp/install/tutorial_interfaces/include/tutorial_interfaces/tutorial_interfaces/msg/detail/sphere__type_support.h
[1.348s] -- Up-to-date: /home/svaya/Documents/Ros2/ros2_wp/install/tutorial_interfaces/include/tutorial_interfaces/tutorial_interfaces/msg/detail/sphere__functions.h
[1.348s] -- Up-to-date: /home/svaya/Documents/Ros2/ros2_wp/install/tutorial_interfaces/share/tutorial_interfaces/environment/library_path.sh
[1.348s] -- Installing: /home/svaya/Documents/Ros2/ros2_wp/install/tutorial_interfaces/share/tutorial_interfaces/environment/library_path.dsv
[1.348s] -- Up-to-date: /home/svaya/Documents/Ros2/ros2_wp/install/tutorial_interfaces/lib/libtutorial_interfaces__rosidl_generator_c.so
[1.348s] -- Up-to-date: /home/svaya/Documents/Ros2/ros2_wp/install/tutorial_interfaces/include/tutorial_interfaces/tutorial_interfaces
[1.348s] -- Up-to-date: /home/svaya/Documents/Ros2/ros2_wp/install/tutorial_interfaces/include/tutorial_interfaces/tutorial_interfaces/srv
[1.348s] -- Up-to-date: /home/svaya/Documents/Ros2/ros2_wp/install/tutorial_interfaces/include/tutorial_interfaces/tutorial_interfaces/srv/detail
[1.348s] -- Up-to-date: /home/svaya/Documents/Ros2/ros2_wp/install/tutorial_interfaces/include/tutorial_interfaces/tutorial_interfaces/srv/detail/add_three_ints__rosidl_typesupport_fastrtps_c.h
[1.348s] -- Up-to-date: /home/svaya/Documents/Ros2/ros2_wp/install/tutorial_interfaces/include/tutorial_interfaces/tutorial_interfaces/msg
[1.348s] -- Up-to-date: /home/svaya/Documents/Ros2/ros2_wp/install/tutorial_interfaces/include/tutorial_interfaces/tutorial_interfaces/msg/rosidl_typesupport_fastrtps_c__visibility_control.h
[1.348s] -- Up-to-date: /home/svaya/Documents/Ros2/ros2_wp/install/tutorial_interfaces/include/tutorial_interfaces/tutorial_interfaces/msg/detail
[1.348s] -- Up-to-date: /home/svaya/Documents/Ros2/ros2_wp/install/tutorial_interfaces/include/tutorial_interfaces/tutorial_interfaces/msg/detail/sphere__rosidl_typesupport_fastrtps_c.h
[1.348s] -- Up-to-date: /home/svaya/Documents/Ros2/ros2_wp/install/tutorial_interfaces/include/tutorial_interfaces/tutorial_interfaces/msg/detail/num__rosidl_typesupport_fastrtps_c.h
[1.348s] -- Up-to-date: /home/svaya/Documents/Ros2/ros2_wp/install/tutorial_interfaces/lib/libtutorial_interfaces__rosidl_typesupport_fastrtps_c.so
[1.348s] -- Up-to-date: /home/svaya/Documents/Ros2/ros2_wp/install/tutorial_interfaces/include/tutorial_interfaces/tutorial_interfaces
[1.348s] -- Up-to-date: /home/svaya/Documents/Ros2/ros2_wp/install/tutorial_interfaces/include/tutorial_interfaces/tutorial_interfaces/srv
[1.348s] -- Up-to-date: /home/svaya/Documents/Ros2/ros2_wp/install/tutorial_interfaces/include/tutorial_interfaces/tutorial_interfaces/srv/add_three_ints.hpp
[1.349s] -- Up-to-date: /home/svaya/Documents/Ros2/ros2_wp/install/tutorial_interfaces/include/tutorial_interfaces/tutorial_interfaces/srv/detail
[1.349s] -- Up-to-date: /home/svaya/Documents/Ros2/ros2_wp/install/tutorial_interfaces/include/tutorial_interfaces/tutorial_interfaces/srv/detail/add_three_ints__struct.hpp
[1.349s] -- Up-to-date: /home/svaya/Documents/Ros2/ros2_wp/install/tutorial_interfaces/include/tutorial_interfaces/tutorial_interfaces/srv/detail/add_three_ints__builder.hpp
[1.349s] -- Up-to-date: /home/svaya/Documents/Ros2/ros2_wp/install/tutorial_interfaces/include/tutorial_interfaces/tutorial_interfaces/srv/detail/add_three_ints__type_support.hpp
[1.349s] -- Up-to-date: /home/svaya/Documents/Ros2/ros2_wp/install/tutorial_interfaces/include/tutorial_interfaces/tutorial_interfaces/srv/detail/add_three_ints__traits.hpp
[1.349s] -- Up-to-date: /home/svaya/Documents/Ros2/ros2_wp/install/tutorial_interfaces/include/tutorial_interfaces/tutorial_interfaces/msg
[1.349s] -- Up-to-date: /home/svaya/Documents/Ros2/ros2_wp/install/tutorial_interfaces/include/tutorial_interfaces/tutorial_interfaces/msg/num.hpp
[1.349s] -- Up-to-date: /home/svaya/Documents/Ros2/ros2_wp/install/tutorial_interfaces/include/tutorial_interfaces/tutorial_interfaces/msg/sphere.hpp
[1.349s] -- Up-to-date: /home/svaya/Documents/Ros2/ros2_wp/install/tutorial_interfaces/include/tutorial_interfaces/tutorial_interfaces/msg/detail
[1.349s] -- Up-to-date: /home/svaya/Documents/Ros2/ros2_wp/install/tutorial_interfaces/include/tutorial_interfaces/tutorial_interfaces/msg/detail/num__struct.hpp
[1.349s] -- Up-to-date: /home/svaya/Documents/Ros2/ros2_wp/install/tutorial_interfaces/include/tutorial_interfaces/tutorial_interfaces/msg/detail/sphere__traits.hpp
[1.349s] -- Up-to-date: /home/svaya/Documents/Ros2/ros2_wp/install/tutorial_interfaces/include/tutorial_interfaces/tutorial_interfaces/msg/detail/sphere__struct.hpp
[1.349s] -- Up-to-date: /home/svaya/Documents/Ros2/ros2_wp/install/tutorial_interfaces/include/tutorial_interfaces/tutorial_interfaces/msg/detail/num__builder.hpp
[1.349s] -- Up-to-date: /home/svaya/Documents/Ros2/ros2_wp/install/tutorial_interfaces/include/tutorial_interfaces/tutorial_interfaces/msg/detail/sphere__type_support.hpp
[1.349s] -- Up-to-date: /home/svaya/Documents/Ros2/ros2_wp/install/tutorial_interfaces/include/tutorial_interfaces/tutorial_interfaces/msg/detail/num__type_support.hpp
[1.349s] -- Up-to-date: /home/svaya/Documents/Ros2/ros2_wp/install/tutorial_interfaces/include/tutorial_interfaces/tutorial_interfaces/msg/detail/num__traits.hpp
[1.349s] -- Up-to-date: /home/svaya/Documents/Ros2/ros2_wp/install/tutorial_interfaces/include/tutorial_interfaces/tutorial_interfaces/msg/detail/sphere__builder.hpp
[1.349s] -- Up-to-date: /home/svaya/Documents/Ros2/ros2_wp/install/tutorial_interfaces/include/tutorial_interfaces/tutorial_interfaces/msg/rosidl_generator_cpp__visibility_control.hpp
[1.349s] -- Up-to-date: /home/svaya/Documents/Ros2/ros2_wp/install/tutorial_interfaces/include/tutorial_interfaces/tutorial_interfaces
[1.349s] -- Up-to-date: /home/svaya/Documents/Ros2/ros2_wp/install/tutorial_interfaces/include/tutorial_interfaces/tutorial_interfaces/srv
[1.349s] -- Up-to-date: /home/svaya/Documents/Ros2/ros2_wp/install/tutorial_interfaces/include/tutorial_interfaces/tutorial_interfaces/srv/detail
[1.349s] -- Up-to-date: /home/svaya/Documents/Ros2/ros2_wp/install/tutorial_interfaces/include/tutorial_interfaces/tutorial_interfaces/srv/detail/add_three_ints__rosidl_typesupport_fastrtps_cpp.hpp
[1.349s] -- Up-to-date: /home/svaya/Documents/Ros2/ros2_wp/install/tutorial_interfaces/include/tutorial_interfaces/tutorial_interfaces/srv/detail/dds_fastrtps
[1.349s] -- Up-to-date: /home/svaya/Documents/Ros2/ros2_wp/install/tutorial_interfaces/include/tutorial_interfaces/tutorial_interfaces/msg
[1.349s] -- Up-to-date: /home/svaya/Documents/Ros2/ros2_wp/install/tutorial_interfaces/include/tutorial_interfaces/tutorial_interfaces/msg/rosidl_typesupport_fastrtps_cpp__visibility_control.h
[1.349s] -- Up-to-date: /home/svaya/Documents/Ros2/ros2_wp/install/tutorial_interfaces/include/tutorial_interfaces/tutorial_interfaces/msg/detail
[1.349s] -- Up-to-date: /home/svaya/Documents/Ros2/ros2_wp/install/tutorial_interfaces/include/tutorial_interfaces/tutorial_interfaces/msg/detail/sphere__rosidl_typesupport_fastrtps_cpp.hpp
[1.349s] -- Up-to-date: /home/svaya/Documents/Ros2/ros2_wp/install/tutorial_interfaces/include/tutorial_interfaces/tutorial_interfaces/msg/detail/num__rosidl_typesupport_fastrtps_cpp.hpp
[1.349s] -- Up-to-date: /home/svaya/Documents/Ros2/ros2_wp/install/tutorial_interfaces/include/tutorial_interfaces/tutorial_interfaces/msg/detail/dds_fastrtps
[1.349s] -- Up-to-date: /home/svaya/Documents/Ros2/ros2_wp/install/tutorial_interfaces/lib/libtutorial_interfaces__rosidl_typesupport_fastrtps_cpp.so
[1.350s] -- Up-to-date: /home/svaya/Documents/Ros2/ros2_wp/install/tutorial_interfaces/include/tutorial_interfaces/tutorial_interfaces
[1.350s] -- Up-to-date: /home/svaya/Documents/Ros2/ros2_wp/install/tutorial_interfaces/include/tutorial_interfaces/tutorial_interfaces/srv
[1.350s] -- Up-to-date: /home/svaya/Documents/Ros2/ros2_wp/install/tutorial_interfaces/include/tutorial_interfaces/tutorial_interfaces/srv/detail
[1.350s] -- Up-to-date: /home/svaya/Documents/Ros2/ros2_wp/install/tutorial_interfaces/include/tutorial_interfaces/tutorial_interfaces/srv/detail/add_three_ints__type_support.c
[1.350s] -- Up-to-date: /home/svaya/Documents/Ros2/ros2_wp/install/tutorial_interfaces/include/tutorial_interfaces/tutorial_interfaces/srv/detail/add_three_ints__rosidl_typesupport_introspection_c.h
[1.350s] -- Up-to-date: /home/svaya/Documents/Ros2/ros2_wp/install/tutorial_interfaces/include/tutorial_interfaces/tutorial_interfaces/msg
[1.350s] -- Up-to-date: /home/svaya/Documents/Ros2/ros2_wp/install/tutorial_interfaces/include/tutorial_interfaces/tutorial_interfaces/msg/rosidl_typesupport_introspection_c__visibility_control.h
[1.350s] -- Up-to-date: /home/svaya/Documents/Ros2/ros2_wp/install/tutorial_interfaces/include/tutorial_interfaces/tutorial_interfaces/msg/detail
[1.350s] -- Up-to-date: /home/svaya/Documents/Ros2/ros2_wp/install/tutorial_interfaces/include/tutorial_interfaces/tutorial_interfaces/msg/detail/num__type_support.c
[1.350s] -- Up-to-date: /home/svaya/Documents/Ros2/ros2_wp/install/tutorial_interfaces/include/tutorial_interfaces/tutorial_interfaces/msg/detail/sphere__type_support.c
[1.350s] -- Up-to-date: /home/svaya/Documents/Ros2/ros2_wp/install/tutorial_interfaces/include/tutorial_interfaces/tutorial_interfaces/msg/detail/num__rosidl_typesupport_introspection_c.h
[1.350s] -- Up-to-date: /home/svaya/Documents/Ros2/ros2_wp/install/tutorial_interfaces/include/tutorial_interfaces/tutorial_interfaces/msg/detail/sphere__rosidl_typesupport_introspection_c.h
[1.350s] -- Up-to-date: /home/svaya/Documents/Ros2/ros2_wp/install/tutorial_interfaces/lib/libtutorial_interfaces__rosidl_typesupport_introspection_c.so
[1.350s] -- Up-to-date: /home/svaya/Documents/Ros2/ros2_wp/install/tutorial_interfaces/lib/libtutorial_interfaces__rosidl_typesupport_c.so
[1.350s] -- Up-to-date: /home/svaya/Documents/Ros2/ros2_wp/install/tutorial_interfaces/include/tutorial_interfaces/tutorial_interfaces
[1.350s] -- Up-to-date: /home/svaya/Documents/Ros2/ros2_wp/install/tutorial_interfaces/include/tutorial_interfaces/tutorial_interfaces/srv
[1.350s] -- Up-to-date: /home/svaya/Documents/Ros2/ros2_wp/install/tutorial_interfaces/include/tutorial_interfaces/tutorial_interfaces/srv/detail
[1.350s] -- Up-to-date: /home/svaya/Documents/Ros2/ros2_wp/install/tutorial_interfaces/include/tutorial_interfaces/tutorial_interfaces/srv/detail/add_three_ints__type_support.cpp
[1.350s] -- Up-to-date: /home/svaya/Documents/Ros2/ros2_wp/install/tutorial_interfaces/include/tutorial_interfaces/tutorial_interfaces/srv/detail/add_three_ints__rosidl_typesupport_introspection_cpp.hpp
[1.350s] -- Up-to-date: /home/svaya/Documents/Ros2/ros2_wp/install/tutorial_interfaces/include/tutorial_interfaces/tutorial_interfaces/msg
[1.350s] -- Up-to-date: /home/svaya/Documents/Ros2/ros2_wp/install/tutorial_interfaces/include/tutorial_interfaces/tutorial_interfaces/msg/detail
[1.350s] -- Up-to-date: /home/svaya/Documents/Ros2/ros2_wp/install/tutorial_interfaces/include/tutorial_interfaces/tutorial_interfaces/msg/detail/sphere__type_support.cpp
[1.350s] -- Up-to-date: /home/svaya/Documents/Ros2/ros2_wp/install/tutorial_interfaces/include/tutorial_interfaces/tutorial_interfaces/msg/detail/num__rosidl_typesupport_introspection_cpp.hpp
[1.350s] -- Up-to-date: /home/svaya/Documents/Ros2/ros2_wp/install/tutorial_interfaces/include/tutorial_interfaces/tutorial_interfaces/msg/detail/sphere__rosidl_typesupport_introspection_cpp.hpp
[1.350s] -- Up-to-date: /home/svaya/Documents/Ros2/ros2_wp/install/tutorial_interfaces/include/tutorial_interfaces/tutorial_interfaces/msg/detail/num__type_support.cpp
[1.350s] -- Up-to-date: /home/svaya/Documents/Ros2/ros2_wp/install/tutorial_interfaces/lib/libtutorial_interfaces__rosidl_typesupport_introspection_cpp.so
[1.351s] -- Up-to-date: /home/svaya/Documents/Ros2/ros2_wp/install/tutorial_interfaces/lib/libtutorial_interfaces__rosidl_typesupport_cpp.so
[1.351s] -- Up-to-date: /home/svaya/Documents/Ros2/ros2_wp/install/tutorial_interfaces/share/tutorial_interfaces/environment/pythonpath.sh
[1.351s] -- Installing: /home/svaya/Documents/Ros2/ros2_wp/install/tutorial_interfaces/share/tutorial_interfaces/environment/pythonpath.dsv
[1.351s] -- Up-to-date: /home/svaya/Documents/Ros2/ros2_wp/install/tutorial_interfaces/local/lib/python3.10/dist-packages/tutorial_interfaces-0.0.0-py3.10.egg-info
[1.351s] -- Installing: /home/svaya/Documents/Ros2/ros2_wp/install/tutorial_interfaces/local/lib/python3.10/dist-packages/tutorial_interfaces-0.0.0-py3.10.egg-info/PKG-INFO
[1.351s] -- Installing: /home/svaya/Documents/Ros2/ros2_wp/install/tutorial_interfaces/local/lib/python3.10/dist-packages/tutorial_interfaces-0.0.0-py3.10.egg-info/dependency_links.txt
[1.351s] -- Installing: /home/svaya/Documents/Ros2/ros2_wp/install/tutorial_interfaces/local/lib/python3.10/dist-packages/tutorial_interfaces-0.0.0-py3.10.egg-info/top_level.txt
[1.351s] -- Installing: /home/svaya/Documents/Ros2/ros2_wp/install/tutorial_interfaces/local/lib/python3.10/dist-packages/tutorial_interfaces-0.0.0-py3.10.egg-info/SOURCES.txt
[1.351s] -- Up-to-date: /home/svaya/Documents/Ros2/ros2_wp/install/tutorial_interfaces/local/lib/python3.10/dist-packages/tutorial_interfaces
[1.351s] -- Up-to-date: /home/svaya/Documents/Ros2/ros2_wp/install/tutorial_interfaces/local/lib/python3.10/dist-packages/tutorial_interfaces/tutorial_interfaces_s__rosidl_typesupport_c.cpython-310-x86_64-linux-gnu.so
[1.351s] -- Up-to-date: /home/svaya/Documents/Ros2/ros2_wp/install/tutorial_interfaces/local/lib/python3.10/dist-packages/tutorial_interfaces/tutorial_interfaces_s__rosidl_typesupport_fastrtps_c.cpython-310-x86_64-linux-gnu.so
[1.351s] -- Up-to-date: /home/svaya/Documents/Ros2/ros2_wp/install/tutorial_interfaces/local/lib/python3.10/dist-packages/tutorial_interfaces/tutorial_interfaces_s__rosidl_typesupport_introspection_c.cpython-310-x86_64-linux-gnu.so
[1.351s] -- Up-to-date: /home/svaya/Documents/Ros2/ros2_wp/install/tutorial_interfaces/local/lib/python3.10/dist-packages/tutorial_interfaces/libtutorial_interfaces__rosidl_generator_py.so
[1.351s] -- Up-to-date: /home/svaya/Documents/Ros2/ros2_wp/install/tutorial_interfaces/local/lib/python3.10/dist-packages/tutorial_interfaces/srv
[1.351s] -- Up-to-date: /home/svaya/Documents/Ros2/ros2_wp/install/tutorial_interfaces/local/lib/python3.10/dist-packages/tutorial_interfaces/srv/__init__.py
[1.352s] -- Up-to-date: /home/svaya/Documents/Ros2/ros2_wp/install/tutorial_interfaces/local/lib/python3.10/dist-packages/tutorial_interfaces/srv/_add_three_ints_s.c
[1.352s] -- Up-to-date: /home/svaya/Documents/Ros2/ros2_wp/install/tutorial_interfaces/local/lib/python3.10/dist-packages/tutorial_interfaces/srv/_add_three_ints.py
[1.352s] -- Up-to-date: /home/svaya/Documents/Ros2/ros2_wp/install/tutorial_interfaces/local/lib/python3.10/dist-packages/tutorial_interfaces/_tutorial_interfaces_s.ep.rosidl_typesupport_fastrtps_c.c
[1.352s] -- Installing: /home/svaya/Documents/Ros2/ros2_wp/install/tutorial_interfaces/local/lib/python3.10/dist-packages/tutorial_interfaces/__init__.py
[1.352s] -- Up-to-date: /home/svaya/Documents/Ros2/ros2_wp/install/tutorial_interfaces/local/lib/python3.10/dist-packages/tutorial_interfaces/msg
[1.352s] -- Up-to-date: /home/svaya/Documents/Ros2/ros2_wp/install/tutorial_interfaces/local/lib/python3.10/dist-packages/tutorial_interfaces/msg/_sphere.py
[1.352s] -- Up-to-date: /home/svaya/Documents/Ros2/ros2_wp/install/tutorial_interfaces/local/lib/python3.10/dist-packages/tutorial_interfaces/msg/_num.py
[1.352s] -- Up-to-date: /home/svaya/Documents/Ros2/ros2_wp/install/tutorial_interfaces/local/lib/python3.10/dist-packages/tutorial_interfaces/msg/_num_s.c
[1.352s] -- Up-to-date: /home/svaya/Documents/Ros2/ros2_wp/install/tutorial_interfaces/local/lib/python3.10/dist-packages/tutorial_interfaces/msg/__init__.py
[1.352s] -- Up-to-date: /home/svaya/Documents/Ros2/ros2_wp/install/tutorial_interfaces/local/lib/python3.10/dist-packages/tutorial_interfaces/msg/_sphere_s.c
[1.352s] -- Up-to-date: /home/svaya/Documents/Ros2/ros2_wp/install/tutorial_interfaces/local/lib/python3.10/dist-packages/tutorial_interfaces/_tutorial_interfaces_s.ep.rosidl_typesupport_c.c
[1.352s] -- Up-to-date: /home/svaya/Documents/Ros2/ros2_wp/install/tutorial_interfaces/local/lib/python3.10/dist-packages/tutorial_interfaces/_tutorial_interfaces_s.ep.rosidl_typesupport_introspection_c.c
[1.374s] Listing '/home/svaya/Documents/Ros2/ros2_wp/install/tutorial_interfaces/local/lib/python3.10/dist-packages/tutorial_interfaces'...
[1.374s] Compiling '/home/svaya/Documents/Ros2/ros2_wp/install/tutorial_interfaces/local/lib/python3.10/dist-packages/tutorial_interfaces/__init__.py'...
[1.374s] Listing '/home/svaya/Documents/Ros2/ros2_wp/install/tutorial_interfaces/local/lib/python3.10/dist-packages/tutorial_interfaces/msg'...
[1.374s] Listing '/home/svaya/Documents/Ros2/ros2_wp/install/tutorial_interfaces/local/lib/python3.10/dist-packages/tutorial_interfaces/srv'...
[1.377s] -- Up-to-date: /home/svaya/Documents/Ros2/ros2_wp/install/tutorial_interfaces/local/lib/python3.10/dist-packages/tutorial_interfaces/tutorial_interfaces_s__rosidl_typesupport_fastrtps_c.cpython-310-x86_64-linux-gnu.so
[1.378s] -- Up-to-date: /home/svaya/Documents/Ros2/ros2_wp/install/tutorial_interfaces/local/lib/python3.10/dist-packages/tutorial_interfaces/tutorial_interfaces_s__rosidl_typesupport_introspection_c.cpython-310-x86_64-linux-gnu.so
[1.378s] -- Up-to-date: /home/svaya/Documents/Ros2/ros2_wp/install/tutorial_interfaces/local/lib/python3.10/dist-packages/tutorial_interfaces/tutorial_interfaces_s__rosidl_typesupport_c.cpython-310-x86_64-linux-gnu.so
[1.378s] -- Up-to-date: /home/svaya/Documents/Ros2/ros2_wp/install/tutorial_interfaces/lib/libtutorial_interfaces__rosidl_generator_py.so
[1.378s] -- Up-to-date: /home/svaya/Documents/Ros2/ros2_wp/install/tutorial_interfaces/share/tutorial_interfaces/msg/Num.idl
[1.378s] -- Up-to-date: /home/svaya/Documents/Ros2/ros2_wp/install/tutorial_interfaces/share/tutorial_interfaces/msg/Sphere.idl
[1.378s] -- Up-to-date: /home/svaya/Documents/Ros2/ros2_wp/install/tutorial_interfaces/share/tutorial_interfaces/srv/AddThreeInts.idl
[1.378s] -- Up-to-date: /home/svaya/Documents/Ros2/ros2_wp/install/tutorial_interfaces/share/tutorial_interfaces/msg/Num.msg
[1.378s] -- Up-to-date: /home/svaya/Documents/Ros2/ros2_wp/install/tutorial_interfaces/share/tutorial_interfaces/msg/Sphere.msg
[1.378s] -- Up-to-date: /home/svaya/Documents/Ros2/ros2_wp/install/tutorial_interfaces/share/tutorial_interfaces/srv/AddThreeInts.srv
[1.379s] -- Up-to-date: /home/svaya/Documents/Ros2/ros2_wp/install/tutorial_interfaces/share/tutorial_interfaces/srv/AddThreeInts_Request.msg
[1.379s] -- Up-to-date: /home/svaya/Documents/Ros2/ros2_wp/install/tutorial_interfaces/share/tutorial_interfaces/srv/AddThreeInts_Response.msg
[1.379s] -- Up-to-date: /home/svaya/Documents/Ros2/ros2_wp/install/tutorial_interfaces/share/ament_index/resource_index/package_run_dependencies/tutorial_interfaces
[1.379s] -- Installing: /home/svaya/Documents/Ros2/ros2_wp/install/tutorial_interfaces/share/ament_index/resource_index/parent_prefix_path/tutorial_interfaces
[1.379s] -- Up-to-date: /home/svaya/Documents/Ros2/ros2_wp/install/tutorial_interfaces/share/tutorial_interfaces/environment/ament_prefix_path.sh
[1.379s] -- Installing: /home/svaya/Documents/Ros2/ros2_wp/install/tutorial_interfaces/share/tutorial_interfaces/environment/ament_prefix_path.dsv
[1.379s] -- Up-to-date: /home/svaya/Documents/Ros2/ros2_wp/install/tutorial_interfaces/share/tutorial_interfaces/environment/path.sh
[1.379s] -- Installing: /home/svaya/Documents/Ros2/ros2_wp/install/tutorial_interfaces/share/tutorial_interfaces/environment/path.dsv
[1.379s] -- Up-to-date: /home/svaya/Documents/Ros2/ros2_wp/install/tutorial_interfaces/share/tutorial_interfaces/local_setup.bash
[1.379s] -- Up-to-date: /home/svaya/Documents/Ros2/ros2_wp/install/tutorial_interfaces/share/tutorial_interfaces/local_setup.sh
[1.379s] -- Up-to-date: /home/svaya/Documents/Ros2/ros2_wp/install/tutorial_interfaces/share/tutorial_interfaces/local_setup.zsh
[1.379s] -- Installing: /home/svaya/Documents/Ros2/ros2_wp/install/tutorial_interfaces/share/tutorial_interfaces/local_setup.dsv
[1.379s] -- Installing: /home/svaya/Documents/Ros2/ros2_wp/install/tutorial_interfaces/share/tutorial_interfaces/package.dsv
[1.379s] -- Up-to-date: /home/svaya/Documents/Ros2/ros2_wp/install/tutorial_interfaces/share/ament_index/resource_index/packages/tutorial_interfaces
[1.379s] -- Up-to-date: /home/svaya/Documents/Ros2/ros2_wp/install/tutorial_interfaces/share/tutorial_interfaces/cmake/export_tutorial_interfaces__rosidl_generator_cExport.cmake
[1.379s] -- Up-to-date: /home/svaya/Documents/Ros2/ros2_wp/install/tutorial_interfaces/share/tutorial_interfaces/cmake/export_tutorial_interfaces__rosidl_generator_cExport-noconfig.cmake
[1.379s] -- Up-to-date: /home/svaya/Documents/Ros2/ros2_wp/install/tutorial_interfaces/share/tutorial_interfaces/cmake/export_tutorial_interfaces__rosidl_typesupport_fastrtps_cExport.cmake
[1.379s] -- Up-to-date: /home/svaya/Documents/Ros2/ros2_wp/install/tutorial_interfaces/share/tutorial_interfaces/cmake/export_tutorial_interfaces__rosidl_typesupport_fastrtps_cExport-noconfig.cmake
[1.379s] -- Up-to-date: /home/svaya/Documents/Ros2/ros2_wp/install/tutorial_interfaces/share/tutorial_interfaces/cmake/export_tutorial_interfaces__rosidl_generator_cppExport.cmake
[1.379s] -- Up-to-date: /home/svaya/Documents/Ros2/ros2_wp/install/tutorial_interfaces/share/tutorial_interfaces/cmake/export_tutorial_interfaces__rosidl_typesupport_fastrtps_cppExport.cmake
[1.380s] -- Up-to-date: /home/svaya/Documents/Ros2/ros2_wp/install/tutorial_interfaces/share/tutorial_interfaces/cmake/export_tutorial_interfaces__rosidl_typesupport_fastrtps_cppExport-noconfig.cmake
[1.380s] -- Up-to-date: /home/svaya/Documents/Ros2/ros2_wp/install/tutorial_interfaces/share/tutorial_interfaces/cmake/tutorial_interfaces__rosidl_typesupport_introspection_cExport.cmake
[1.380s] -- Up-to-date: /home/svaya/Documents/Ros2/ros2_wp/install/tutorial_interfaces/share/tutorial_interfaces/cmake/tutorial_interfaces__rosidl_typesupport_introspection_cExport-noconfig.cmake
[1.380s] -- Up-to-date: /home/svaya/Documents/Ros2/ros2_wp/install/tutorial_interfaces/share/tutorial_interfaces/cmake/tutorial_interfaces__rosidl_typesupport_cExport.cmake
[1.380s] -- Up-to-date: /home/svaya/Documents/Ros2/ros2_wp/install/tutorial_interfaces/share/tutorial_interfaces/cmake/tutorial_interfaces__rosidl_typesupport_cExport-noconfig.cmake
[1.380s] -- Up-to-date: /home/svaya/Documents/Ros2/ros2_wp/install/tutorial_interfaces/share/tutorial_interfaces/cmake/tutorial_interfaces__rosidl_typesupport_introspection_cppExport.cmake
[1.380s] -- Up-to-date: /home/svaya/Documents/Ros2/ros2_wp/install/tutorial_interfaces/share/tutorial_interfaces/cmake/tutorial_interfaces__rosidl_typesupport_introspection_cppExport-noconfig.cmake
[1.380s] -- Up-to-date: /home/svaya/Documents/Ros2/ros2_wp/install/tutorial_interfaces/share/tutorial_interfaces/cmake/tutorial_interfaces__rosidl_typesupport_cppExport.cmake
[1.380s] -- Up-to-date: /home/svaya/Documents/Ros2/ros2_wp/install/tutorial_interfaces/share/tutorial_interfaces/cmake/tutorial_interfaces__rosidl_typesupport_cppExport-noconfig.cmake
[1.380s] -- Up-to-date: /home/svaya/Documents/Ros2/ros2_wp/install/tutorial_interfaces/share/tutorial_interfaces/cmake/export_tutorial_interfaces__rosidl_generator_pyExport.cmake
[1.380s] -- Up-to-date: /home/svaya/Documents/Ros2/ros2_wp/install/tutorial_interfaces/share/tutorial_interfaces/cmake/export_tutorial_interfaces__rosidl_generator_pyExport-noconfig.cmake
[1.380s] -- Up-to-date: /home/svaya/Documents/Ros2/ros2_wp/install/tutorial_interfaces/share/tutorial_interfaces/cmake/rosidl_cmake-extras.cmake
[1.380s] -- Up-to-date: /home/svaya/Documents/Ros2/ros2_wp/install/tutorial_interfaces/share/tutorial_interfaces/cmake/ament_cmake_export_dependencies-extras.cmake
[1.380s] -- Up-to-date: /home/svaya/Documents/Ros2/ros2_wp/install/tutorial_interfaces/share/tutorial_interfaces/cmake/ament_cmake_export_include_directories-extras.cmake
[1.380s] -- Up-to-date: /home/svaya/Documents/Ros2/ros2_wp/install/tutorial_interfaces/share/tutorial_interfaces/cmake/ament_cmake_export_libraries-extras.cmake
[1.380s] -- Up-to-date: /home/svaya/Documents/Ros2/ros2_wp/install/tutorial_interfaces/share/tutorial_interfaces/cmake/ament_cmake_export_targets-extras.cmake
[1.380s] -- Up-to-date: /home/svaya/Documents/Ros2/ros2_wp/install/tutorial_interfaces/share/tutorial_interfaces/cmake/rosidl_cmake_export_typesupport_targets-extras.cmake
[1.380s] -- Up-to-date: /home/svaya/Documents/Ros2/ros2_wp/install/tutorial_interfaces/share/tutorial_interfaces/cmake/rosidl_cmake_export_typesupport_libraries-extras.cmake
[1.380s] -- Up-to-date: /home/svaya/Documents/Ros2/ros2_wp/install/tutorial_interfaces/share/tutorial_interfaces/cmake/tutorial_interfacesConfig.cmake
[1.380s] -- Up-to-date: /home/svaya/Documents/Ros2/ros2_wp/install/tutorial_interfaces/share/tutorial_interfaces/cmake/tutorial_interfacesConfig-version.cmake
[1.380s] -- Installing: /home/svaya/Documents/Ros2/ros2_wp/install/tutorial_interfaces/share/tutorial_interfaces/package.xml
[1.382s] Invoked command in '/home/svaya/Documents/Ros2/ros2_wp/build/tutorial_interfaces' returned '0': CMAKE_PREFIX_PATH=/opt/ros/humble /usr/bin/cmake --install /home/svaya/Documents/Ros2/ros2_wp/build/tutorial_interfaces
