[0.010s] Invoking command in '/home/svaya/Documents/Ros2/ros2_wp/build/tutorial_interfaces': CMAKE_PREFIX_PATH=/opt/ros/humble /usr/bin/cmake --build /home/svaya/Documents/Ros2/ros2_wp/build/tutorial_interfaces -- -j28 -l28
[0.032s] -- Found ament_cmake: 1.3.11 (/opt/ros/humble/share/ament_cmake/cmake)
[0.119s] -- Found geometry_msgs: 4.9.0 (/opt/ros/humble/share/geometry_msgs/cmake)
[0.136s] -- Found rosidl_generator_c: 3.1.6 (/opt/ros/humble/share/rosidl_generator_c/cmake)
[0.137s] -- Found rosidl_adapter: 3.1.6 (/opt/ros/humble/share/rosidl_adapter/cmake)
[0.141s] -- Found rosidl_generator_cpp: 3.1.6 (/opt/ros/humble/share/rosidl_generator_cpp/cmake)
[0.146s] -- Using all available rosidl_typesupport_c: rosidl_typesupport_fastrtps_c;rosidl_typesupport_introspection_c
[0.154s] -- Using all available rosidl_typesupport_cpp: rosidl_typesupport_fastrtps_cpp;rosidl_typesupport_introspection_cpp
[0.176s] -- Found rosidl_default_generators: 1.2.0 (/opt/ros/humble/share/rosidl_default_generators/cmake)
[0.180s] -- Found rclcpp: 16.0.12 (/opt/ros/humble/share/rclcpp/cmake)
[0.196s] -- Found rmw_implementation_cmake: 6.1.2 (/opt/ros/humble/share/rmw_implementation_cmake/cmake)
[0.196s] -- Found rmw_fastrtps_cpp: 6.2.7 (/opt/ros/humble/share/rmw_fastrtps_cpp/cmake)
[0.260s] -- Using RMW implementation 'rmw_fastrtps_cpp' as default
[0.478s] -- Found ament_cmake_ros: 0.10.0 (/opt/ros/humble/share/ament_cmake_ros/cmake)
[0.775s] -- Using all available rosidl_typesupport_c: rosidl_typesupport_fastrtps_c;rosidl_typesupport_introspection_c
[0.885s] -- Using all available rosidl_typesupport_cpp: rosidl_typesupport_fastrtps_cpp;rosidl_typesupport_introspection_cpp
[0.903s] -- Found python_cmake_module: 0.10.0 (/opt/ros/humble/share/python_cmake_module/cmake)
[0.927s] -- Using PYTHON_EXECUTABLE: /usr/bin/python3
[0.927s] -- Using PYTHON_INCLUDE_DIRS: /usr/include/python3.10
[0.927s] -- Using PYTHON_LIBRARIES: /usr/lib/x86_64-linux-gnu/libpython3.10.so
[0.961s] [31mCMake Error at /opt/ros/humble/share/ament_cmake_target_dependencies/cmake/ament_target_dependencies.cmake:77 (message):
[0.961s]   ament_target_dependencies() the passed package name 'tutorial_interfaces'
[0.961s]   was not found before
[0.961s] Call Stack (most recent call first):
[0.961s]   CMakeLists.txt:26 (ament_target_dependencies)
[0.961s] 
[0.961s] [0m
[0.961s] -- Configuring incomplete, errors occurred!
[0.961s] See also "/home/svaya/Documents/Ros2/ros2_wp/build/tutorial_interfaces/CMakeFiles/CMakeOutput.log".
[0.966s] gmake: *** [Makefile:1179: cmake_check_build_system] Error 1
[0.968s] Invoked command in '/home/svaya/Documents/Ros2/ros2_wp/build/tutorial_interfaces' returned '2': CMAKE_PREFIX_PATH=/opt/ros/humble /usr/bin/cmake --build /home/svaya/Documents/Ros2/ros2_wp/build/tutorial_interfaces -- -j28 -l28
