[0.006s] Invoking command in '/home/svaya/Documents/Ros2/ros2_wp/build/cpp_pubsub': CMAKE_PREFIX_PATH=/opt/ros/humble /usr/bin/cmake --build /home/svaya/Documents/Ros2/ros2_wp/build/cpp_pubsub -- -j28 -l28
[0.029s] -- Found ament_cmake: 1.3.11 (/opt/ros/humble/share/ament_cmake/cmake)
[0.112s] -- Found rclcpp: 16.0.12 (/opt/ros/humble/share/rclcpp/cmake)
[0.130s] -- Found rosidl_generator_c: 3.1.6 (/opt/ros/humble/share/rosidl_generator_c/cmake)
[0.132s] -- Found rosidl_adapter: 3.1.6 (/opt/ros/humble/share/rosidl_adapter/cmake)
[0.135s] -- Found rosidl_generator_cpp: 3.1.6 (/opt/ros/humble/share/rosidl_generator_cpp/cmake)
[0.141s] -- Using all available rosidl_typesupport_c: rosidl_typesupport_fastrtps_c;rosidl_typesupport_introspection_c
[0.149s] -- Using all available rosidl_typesupport_cpp: rosidl_typesupport_fastrtps_cpp;rosidl_typesupport_introspection_cpp
[0.169s] -- Found rmw_implementation_cmake: 6.1.2 (/opt/ros/humble/share/rmw_implementation_cmake/cmake)
[0.170s] -- Found rmw_fastrtps_cpp: 6.2.7 (/opt/ros/humble/share/rmw_fastrtps_cpp/cmake)
[0.233s] -- Using RMW implementation 'rmw_fastrtps_cpp' as default
[0.266s] -- Found ament_lint_auto: 0.12.12 (/opt/ros/humble/share/ament_lint_auto/cmake)
[0.314s] -- Added test 'cppcheck' to perform static code analysis on C / C++ code
[0.314s] -- Configured cppcheck include dirs: 
[0.315s] -- Configured cppcheck exclude dirs and/or files: 
[0.315s] -- Added test 'lint_cmake' to check CMake code style
[0.316s] -- Added test 'uncrustify' to check C / C++ code style
[0.316s] -- Configured uncrustify additional arguments: 
[0.316s] -- Added test 'xmllint' to check XML markup files
[0.316s] -- Configuring done
[0.325s] -- Generating done
[0.328s] -- Build files have been written to: /home/svaya/Documents/Ros2/ros2_wp/build/cpp_pubsub
[0.349s] [35m[1mConsolidate compiler generated dependencies of target listener[0m
[0.349s] [35m[1mConsolidate compiler generated dependencies of target talker[0m
[0.362s] [ 50%] Built target talker
[0.363s] [100%] Built target listener
[0.370s] Invoked command in '/home/svaya/Documents/Ros2/ros2_wp/build/cpp_pubsub' returned '0': CMAKE_PREFIX_PATH=/opt/ros/humble /usr/bin/cmake --build /home/svaya/Documents/Ros2/ros2_wp/build/cpp_pubsub -- -j28 -l28
[0.375s] Invoking command in '/home/svaya/Documents/Ros2/ros2_wp/build/cpp_pubsub': CMAKE_PREFIX_PATH=/opt/ros/humble /usr/bin/cmake --install /home/svaya/Documents/Ros2/ros2_wp/build/cpp_pubsub
[0.379s] -- Install configuration: ""
[0.380s] -- Up-to-date: /home/svaya/Documents/Ros2/ros2_wp/install/cpp_pubsub/lib/cpp_pubsub/talker
[0.380s] -- Up-to-date: /home/svaya/Documents/Ros2/ros2_wp/install/cpp_pubsub/lib/cpp_pubsub/listener
[0.380s] -- Up-to-date: /home/svaya/Documents/Ros2/ros2_wp/install/cpp_pubsub/share/ament_index/resource_index/package_run_dependencies/cpp_pubsub
[0.380s] -- Up-to-date: /home/svaya/Documents/Ros2/ros2_wp/install/cpp_pubsub/share/ament_index/resource_index/parent_prefix_path/cpp_pubsub
[0.380s] -- Up-to-date: /home/svaya/Documents/Ros2/ros2_wp/install/cpp_pubsub/share/cpp_pubsub/environment/ament_prefix_path.sh
[0.380s] -- Installing: /home/svaya/Documents/Ros2/ros2_wp/install/cpp_pubsub/share/cpp_pubsub/environment/ament_prefix_path.dsv
[0.380s] -- Up-to-date: /home/svaya/Documents/Ros2/ros2_wp/install/cpp_pubsub/share/cpp_pubsub/environment/path.sh
[0.380s] -- Installing: /home/svaya/Documents/Ros2/ros2_wp/install/cpp_pubsub/share/cpp_pubsub/environment/path.dsv
[0.381s] -- Up-to-date: /home/svaya/Documents/Ros2/ros2_wp/install/cpp_pubsub/share/cpp_pubsub/local_setup.bash
[0.381s] -- Up-to-date: /home/svaya/Documents/Ros2/ros2_wp/install/cpp_pubsub/share/cpp_pubsub/local_setup.sh
[0.381s] -- Up-to-date: /home/svaya/Documents/Ros2/ros2_wp/install/cpp_pubsub/share/cpp_pubsub/local_setup.zsh
[0.381s] -- Installing: /home/svaya/Documents/Ros2/ros2_wp/install/cpp_pubsub/share/cpp_pubsub/local_setup.dsv
[0.381s] -- Installing: /home/svaya/Documents/Ros2/ros2_wp/install/cpp_pubsub/share/cpp_pubsub/package.dsv
[0.381s] -- Up-to-date: /home/svaya/Documents/Ros2/ros2_wp/install/cpp_pubsub/share/ament_index/resource_index/packages/cpp_pubsub
[0.381s] -- Up-to-date: /home/svaya/Documents/Ros2/ros2_wp/install/cpp_pubsub/share/cpp_pubsub/cmake/cpp_pubsubConfig.cmake
[0.381s] -- Up-to-date: /home/svaya/Documents/Ros2/ros2_wp/install/cpp_pubsub/share/cpp_pubsub/cmake/cpp_pubsubConfig-version.cmake
[0.381s] -- Installing: /home/svaya/Documents/Ros2/ros2_wp/install/cpp_pubsub/share/cpp_pubsub/package.xml
[0.383s] Invoked command in '/home/svaya/Documents/Ros2/ros2_wp/build/cpp_pubsub' returned '0': CMAKE_PREFIX_PATH=/opt/ros/humble /usr/bin/cmake --install /home/svaya/Documents/Ros2/ros2_wp/build/cpp_pubsub
