[0.074s] DEBUG:colcon:Command line arguments: ['/usr/bin/colcon', 'build', '--packages-select', 'cpp_pubsub2']
[0.074s] DEBUG:colcon:Parsed command line arguments: Namespace(log_base=None, log_level=None, verb_name='build', build_base='build', install_base='install', merge_install=False, symlink_install=False, test_result_base=None, continue_on_error=False, executor='parallel', parallel_workers=28, event_handlers=None, ignore_user_meta=False, metas=['./colcon.meta'], base_paths=['.'], packages_ignore=None, packages_ignore_regex=None, paths=None, packages_up_to=None, packages_up_to_regex=None, packages_above=None, packages_above_and_dependencies=None, packages_above_depth=None, packages_select_by_dep=None, packages_skip_by_dep=None, packages_skip_up_to=None, packages_select_build_failed=False, packages_skip_build_finished=False, packages_select_test_failures=False, packages_skip_test_passed=False, packages_select=['cpp_pubsub2'], packages_skip=None, packages_select_regex=None, packages_skip_regex=None, packages_start=None, packages_end=None, allow_overriding=[], cmake_args=None, cmake_target=None, cmake_target_skip_unavailable=False, cmake_clean_cache=False, cmake_clean_first=False, cmake_force_configure=False, ament_cmake_args=None, catkin_cmake_args=None, catkin_skip_building_tests=False, verb_parser=<colcon_defaults.argument_parser.defaults.DefaultArgumentsDecorator object at 0x7a94cef074f0>, verb_extension=<colcon_core.verb.build.BuildVerb object at 0x7a94cf078970>, main=<bound method BuildVerb.main of <colcon_core.verb.build.BuildVerb object at 0x7a94cf078970>>)
[0.178s] Level 1:colcon.colcon_core.package_discovery:discover_packages(colcon_meta) check parameters
[0.178s] Level 1:colcon.colcon_core.package_discovery:discover_packages(recursive) check parameters
[0.178s] Level 1:colcon.colcon_core.package_discovery:discover_packages(ignore) check parameters
[0.178s] Level 1:colcon.colcon_core.package_discovery:discover_packages(path) check parameters
[0.178s] Level 1:colcon.colcon_core.package_discovery:discover_packages(colcon_meta) discover
[0.178s] Level 1:colcon.colcon_core.package_discovery:discover_packages(recursive) discover
[0.178s] INFO:colcon.colcon_core.package_discovery:Crawling recursively for packages in '/home/svaya/Documents/ros2/multithreading'
[0.178s] Level 1:colcon.colcon_core.package_identification:_identify(.) by extensions ['ignore', 'ignore_ament_install']
[0.178s] Level 1:colcon.colcon_core.package_identification:_identify(.) by extension 'ignore'
[0.178s] Level 1:colcon.colcon_core.package_identification:_identify(.) by extension 'ignore_ament_install'
[0.178s] Level 1:colcon.colcon_core.package_identification:_identify(.) by extensions ['colcon_pkg']
[0.178s] Level 1:colcon.colcon_core.package_identification:_identify(.) by extension 'colcon_pkg'
[0.179s] Level 1:colcon.colcon_core.package_identification:_identify(.) by extensions ['colcon_meta']
[0.179s] Level 1:colcon.colcon_core.package_identification:_identify(.) by extension 'colcon_meta'
[0.179s] Level 1:colcon.colcon_core.package_identification:_identify(.) by extensions ['ros']
[0.179s] Level 1:colcon.colcon_core.package_identification:_identify(.) by extension 'ros'
[0.187s] Level 1:colcon.colcon_core.package_identification:_identify(.) by extensions ['cmake', 'python']
[0.187s] Level 1:colcon.colcon_core.package_identification:_identify(.) by extension 'cmake'
[0.187s] Level 1:colcon.colcon_core.package_identification:_identify(.) by extension 'python'
[0.187s] Level 1:colcon.colcon_core.package_identification:_identify(.) by extensions ['python_setup_py']
[0.187s] Level 1:colcon.colcon_core.package_identification:_identify(.) by extension 'python_setup_py'
[0.187s] Level 1:colcon.colcon_core.package_identification:_identify(build) by extensions ['ignore', 'ignore_ament_install']
[0.187s] Level 1:colcon.colcon_core.package_identification:_identify(build) by extension 'ignore'
[0.187s] Level 1:colcon.colcon_core.package_identification:_identify(build) ignored
[0.187s] Level 1:colcon.colcon_core.package_identification:_identify(install) by extensions ['ignore', 'ignore_ament_install']
[0.187s] Level 1:colcon.colcon_core.package_identification:_identify(install) by extension 'ignore'
[0.187s] Level 1:colcon.colcon_core.package_identification:_identify(install) ignored
[0.187s] Level 1:colcon.colcon_core.package_identification:_identify(log) by extensions ['ignore', 'ignore_ament_install']
[0.187s] Level 1:colcon.colcon_core.package_identification:_identify(log) by extension 'ignore'
[0.187s] Level 1:colcon.colcon_core.package_identification:_identify(log) ignored
[0.187s] Level 1:colcon.colcon_core.package_identification:_identify(src) by extensions ['ignore', 'ignore_ament_install']
[0.187s] Level 1:colcon.colcon_core.package_identification:_identify(src) by extension 'ignore'
[0.187s] Level 1:colcon.colcon_core.package_identification:_identify(src) by extension 'ignore_ament_install'
[0.187s] Level 1:colcon.colcon_core.package_identification:_identify(src) by extensions ['colcon_pkg']
[0.187s] Level 1:colcon.colcon_core.package_identification:_identify(src) by extension 'colcon_pkg'
[0.187s] Level 1:colcon.colcon_core.package_identification:_identify(src) by extensions ['colcon_meta']
[0.187s] Level 1:colcon.colcon_core.package_identification:_identify(src) by extension 'colcon_meta'
[0.188s] Level 1:colcon.colcon_core.package_identification:_identify(src) by extensions ['ros']
[0.188s] Level 1:colcon.colcon_core.package_identification:_identify(src) by extension 'ros'
[0.188s] Level 1:colcon.colcon_core.package_identification:_identify(src) by extensions ['cmake', 'python']
[0.188s] Level 1:colcon.colcon_core.package_identification:_identify(src) by extension 'cmake'
[0.188s] Level 1:colcon.colcon_core.package_identification:_identify(src) by extension 'python'
[0.188s] Level 1:colcon.colcon_core.package_identification:_identify(src) by extensions ['python_setup_py']
[0.188s] Level 1:colcon.colcon_core.package_identification:_identify(src) by extension 'python_setup_py'
[0.188s] Level 1:colcon.colcon_core.package_identification:_identify(src/cpp_pubsub1) by extensions ['ignore', 'ignore_ament_install']
[0.188s] Level 1:colcon.colcon_core.package_identification:_identify(src/cpp_pubsub1) by extension 'ignore'
[0.188s] Level 1:colcon.colcon_core.package_identification:_identify(src/cpp_pubsub1) by extension 'ignore_ament_install'
[0.188s] Level 1:colcon.colcon_core.package_identification:_identify(src/cpp_pubsub1) by extensions ['colcon_pkg']
[0.188s] Level 1:colcon.colcon_core.package_identification:_identify(src/cpp_pubsub1) by extension 'colcon_pkg'
[0.188s] Level 1:colcon.colcon_core.package_identification:_identify(src/cpp_pubsub1) by extensions ['colcon_meta']
[0.188s] Level 1:colcon.colcon_core.package_identification:_identify(src/cpp_pubsub1) by extension 'colcon_meta'
[0.188s] Level 1:colcon.colcon_core.package_identification:_identify(src/cpp_pubsub1) by extensions ['ros']
[0.188s] Level 1:colcon.colcon_core.package_identification:_identify(src/cpp_pubsub1) by extension 'ros'
[0.190s] DEBUG:colcon.colcon_core.package_identification:Package 'src/cpp_pubsub1' with type 'ros.ament_cmake' and name 'cpp_pubsub1'
[0.190s] Level 1:colcon.colcon_core.package_identification:_identify(src/cpp_pubsub2) by extensions ['ignore', 'ignore_ament_install']
[0.190s] Level 1:colcon.colcon_core.package_identification:_identify(src/cpp_pubsub2) by extension 'ignore'
[0.190s] Level 1:colcon.colcon_core.package_identification:_identify(src/cpp_pubsub2) by extension 'ignore_ament_install'
[0.190s] Level 1:colcon.colcon_core.package_identification:_identify(src/cpp_pubsub2) by extensions ['colcon_pkg']
[0.190s] Level 1:colcon.colcon_core.package_identification:_identify(src/cpp_pubsub2) by extension 'colcon_pkg'
[0.190s] Level 1:colcon.colcon_core.package_identification:_identify(src/cpp_pubsub2) by extensions ['colcon_meta']
[0.190s] Level 1:colcon.colcon_core.package_identification:_identify(src/cpp_pubsub2) by extension 'colcon_meta'
[0.190s] Level 1:colcon.colcon_core.package_identification:_identify(src/cpp_pubsub2) by extensions ['ros']
[0.190s] Level 1:colcon.colcon_core.package_identification:_identify(src/cpp_pubsub2) by extension 'ros'
[0.191s] DEBUG:colcon.colcon_core.package_identification:Package 'src/cpp_pubsub2' with type 'ros.ament_cmake' and name 'cpp_pubsub2'
[0.191s] Level 1:colcon.colcon_core.package_discovery:discover_packages(recursive) using defaults
[0.191s] Level 1:colcon.colcon_core.package_discovery:discover_packages(ignore) discover
[0.191s] Level 1:colcon.colcon_core.package_discovery:discover_packages(ignore) using defaults
[0.191s] Level 1:colcon.colcon_core.package_discovery:discover_packages(path) discover
[0.191s] Level 1:colcon.colcon_core.package_discovery:discover_packages(path) using defaults
[0.211s] INFO:colcon.colcon_core.package_selection:Skipping not selected package 'cpp_pubsub1' in 'src/cpp_pubsub1'
[0.211s] Level 1:colcon.colcon_core.package_discovery:discover_packages(prefix_path) check parameters
[0.211s] Level 1:colcon.colcon_core.package_discovery:discover_packages(prefix_path) discover
[0.212s] DEBUG:colcon.colcon_installed_package_information.package_discovery:Found 295 installed packages in /opt/ros/humble
[0.213s] Level 1:colcon.colcon_core.package_discovery:discover_packages(prefix_path) using defaults
[0.239s] Level 5:colcon.colcon_core.verb:set package 'cpp_pubsub2' build argument 'cmake_args' from command line to 'None'
[0.239s] Level 5:colcon.colcon_core.verb:set package 'cpp_pubsub2' build argument 'cmake_target' from command line to 'None'
[0.239s] Level 5:colcon.colcon_core.verb:set package 'cpp_pubsub2' build argument 'cmake_target_skip_unavailable' from command line to 'False'
[0.239s] Level 5:colcon.colcon_core.verb:set package 'cpp_pubsub2' build argument 'cmake_clean_cache' from command line to 'False'
[0.239s] Level 5:colcon.colcon_core.verb:set package 'cpp_pubsub2' build argument 'cmake_clean_first' from command line to 'False'
[0.239s] Level 5:colcon.colcon_core.verb:set package 'cpp_pubsub2' build argument 'cmake_force_configure' from command line to 'False'
[0.239s] Level 5:colcon.colcon_core.verb:set package 'cpp_pubsub2' build argument 'ament_cmake_args' from command line to 'None'
[0.239s] Level 5:colcon.colcon_core.verb:set package 'cpp_pubsub2' build argument 'catkin_cmake_args' from command line to 'None'
[0.239s] Level 5:colcon.colcon_core.verb:set package 'cpp_pubsub2' build argument 'catkin_skip_building_tests' from command line to 'False'
[0.240s] DEBUG:colcon.colcon_core.verb:Building package 'cpp_pubsub2' with the following arguments: {'ament_cmake_args': None, 'build_base': '/home/svaya/Documents/ros2/multithreading/build/cpp_pubsub2', 'catkin_cmake_args': None, 'catkin_skip_building_tests': False, 'cmake_args': None, 'cmake_clean_cache': False, 'cmake_clean_first': False, 'cmake_force_configure': False, 'cmake_target': None, 'cmake_target_skip_unavailable': False, 'install_base': '/home/svaya/Documents/ros2/multithreading/install/cpp_pubsub2', 'merge_install': False, 'path': '/home/svaya/Documents/ros2/multithreading/src/cpp_pubsub2', 'symlink_install': False, 'test_result_base': None}
[0.240s] INFO:colcon.colcon_core.executor:Executing jobs using 'parallel' executor
[0.240s] DEBUG:colcon.colcon_parallel_executor.executor.parallel:run_until_complete
[0.241s] INFO:colcon.colcon_ros.task.ament_cmake.build:Building ROS package in '/home/svaya/Documents/ros2/multithreading/src/cpp_pubsub2' with build type 'ament_cmake'
[0.241s] INFO:colcon.colcon_cmake.task.cmake.build:Building CMake package in '/home/svaya/Documents/ros2/multithreading/src/cpp_pubsub2'
[0.242s] INFO:colcon.colcon_core.plugin_system:Skipping extension 'colcon_core.shell.bat': Not used on non-Windows systems
[0.242s] INFO:colcon.colcon_core.shell:Skip shell extension 'powershell' for command environment: Not usable outside of PowerShell
[0.242s] DEBUG:colcon.colcon_core.shell:Skip shell extension 'dsv' for command environment
[0.248s] DEBUG:colcon.colcon_core.event_handler.log_command:Invoking command in '/home/svaya/Documents/ros2/multithreading/build/cpp_pubsub2': CMAKE_PREFIX_PATH=/opt/ros/humble /usr/bin/cmake /home/svaya/Documents/ros2/multithreading/src/cpp_pubsub2 -DCMAKE_INSTALL_PREFIX=/home/svaya/Documents/ros2/multithreading/install/cpp_pubsub2
[1.058s] DEBUG:colcon.colcon_core.event_handler.log_command:Invoked command in '/home/svaya/Documents/ros2/multithreading/build/cpp_pubsub2' returned '0': CMAKE_PREFIX_PATH=/opt/ros/humble /usr/bin/cmake /home/svaya/Documents/ros2/multithreading/src/cpp_pubsub2 -DCMAKE_INSTALL_PREFIX=/home/svaya/Documents/ros2/multithreading/install/cpp_pubsub2
[1.059s] DEBUG:colcon.colcon_core.event_handler.log_command:Invoking command in '/home/svaya/Documents/ros2/multithreading/build/cpp_pubsub2': CMAKE_PREFIX_PATH=/opt/ros/humble /usr/bin/cmake --build /home/svaya/Documents/ros2/multithreading/build/cpp_pubsub2 -- -j28 -l28
[5.842s] DEBUG:colcon.colcon_core.event_handler.log_command:Invoked command in '/home/svaya/Documents/ros2/multithreading/build/cpp_pubsub2' returned '0': CMAKE_PREFIX_PATH=/opt/ros/humble /usr/bin/cmake --build /home/svaya/Documents/ros2/multithreading/build/cpp_pubsub2 -- -j28 -l28
[5.850s] DEBUG:colcon.colcon_core.event_handler.log_command:Invoking command in '/home/svaya/Documents/ros2/multithreading/build/cpp_pubsub2': CMAKE_PREFIX_PATH=/opt/ros/humble /usr/bin/cmake --install /home/svaya/Documents/ros2/multithreading/build/cpp_pubsub2
[5.859s] Level 1:colcon.colcon_core.environment:create_environment_scripts_only(cpp_pubsub2)
[5.860s] DEBUG:colcon.colcon_core.event_handler.log_command:Invoked command in '/home/svaya/Documents/ros2/multithreading/build/cpp_pubsub2' returned '0': CMAKE_PREFIX_PATH=/opt/ros/humble /usr/bin/cmake --install /home/svaya/Documents/ros2/multithreading/build/cpp_pubsub2
[5.861s] Level 1:colcon.colcon_core.environment:checking '/home/svaya/Documents/ros2/multithreading/install/cpp_pubsub2' for CMake module files
[5.861s] Level 1:colcon.colcon_core.environment:checking '/home/svaya/Documents/ros2/multithreading/install/cpp_pubsub2' for CMake config files
[5.861s] Level 1:colcon.colcon_core.shell:create_environment_hook('cpp_pubsub2', 'cmake_prefix_path')
[5.861s] INFO:colcon.colcon_core.shell:Creating environment hook '/home/svaya/Documents/ros2/multithreading/install/cpp_pubsub2/share/cpp_pubsub2/hook/cmake_prefix_path.ps1'
[5.862s] INFO:colcon.colcon_core.shell:Creating environment descriptor '/home/svaya/Documents/ros2/multithreading/install/cpp_pubsub2/share/cpp_pubsub2/hook/cmake_prefix_path.dsv'
[5.862s] INFO:colcon.colcon_core.shell:Creating environment hook '/home/svaya/Documents/ros2/multithreading/install/cpp_pubsub2/share/cpp_pubsub2/hook/cmake_prefix_path.sh'
[5.862s] Level 1:colcon.colcon_core.environment:checking '/home/svaya/Documents/ros2/multithreading/install/cpp_pubsub2/lib'
[5.862s] Level 1:colcon.colcon_core.environment:checking '/home/svaya/Documents/ros2/multithreading/install/cpp_pubsub2/bin'
[5.863s] Level 1:colcon.colcon_core.environment:checking '/home/svaya/Documents/ros2/multithreading/install/cpp_pubsub2/lib/pkgconfig/cpp_pubsub2.pc'
[5.863s] Level 1:colcon.colcon_core.environment:checking '/home/svaya/Documents/ros2/multithreading/install/cpp_pubsub2/lib/python3.10/site-packages'
[5.863s] Level 1:colcon.colcon_core.environment:checking '/home/svaya/Documents/ros2/multithreading/install/cpp_pubsub2/bin'
[5.863s] INFO:colcon.colcon_core.shell:Creating package script '/home/svaya/Documents/ros2/multithreading/install/cpp_pubsub2/share/cpp_pubsub2/package.ps1'
[5.863s] INFO:colcon.colcon_core.shell:Creating package descriptor '/home/svaya/Documents/ros2/multithreading/install/cpp_pubsub2/share/cpp_pubsub2/package.dsv'
[5.864s] INFO:colcon.colcon_core.shell:Creating package script '/home/svaya/Documents/ros2/multithreading/install/cpp_pubsub2/share/cpp_pubsub2/package.sh'
[5.864s] INFO:colcon.colcon_core.shell:Creating package script '/home/svaya/Documents/ros2/multithreading/install/cpp_pubsub2/share/cpp_pubsub2/package.bash'
[5.864s] INFO:colcon.colcon_core.shell:Creating package script '/home/svaya/Documents/ros2/multithreading/install/cpp_pubsub2/share/cpp_pubsub2/package.zsh'
[5.865s] Level 1:colcon.colcon_core.environment:create_file_with_runtime_dependencies(/home/svaya/Documents/ros2/multithreading/install/cpp_pubsub2/share/colcon-core/packages/cpp_pubsub2)
[5.865s] Level 1:colcon.colcon_core.environment:create_environment_scripts_only(cpp_pubsub2)
[5.865s] Level 1:colcon.colcon_core.environment:checking '/home/svaya/Documents/ros2/multithreading/install/cpp_pubsub2' for CMake module files
[5.865s] Level 1:colcon.colcon_core.environment:checking '/home/svaya/Documents/ros2/multithreading/install/cpp_pubsub2' for CMake config files
[5.866s] Level 1:colcon.colcon_core.shell:create_environment_hook('cpp_pubsub2', 'cmake_prefix_path')
[5.866s] INFO:colcon.colcon_core.shell:Creating environment hook '/home/svaya/Documents/ros2/multithreading/install/cpp_pubsub2/share/cpp_pubsub2/hook/cmake_prefix_path.ps1'
[5.866s] INFO:colcon.colcon_core.shell:Creating environment descriptor '/home/svaya/Documents/ros2/multithreading/install/cpp_pubsub2/share/cpp_pubsub2/hook/cmake_prefix_path.dsv'
[5.866s] INFO:colcon.colcon_core.shell:Creating environment hook '/home/svaya/Documents/ros2/multithreading/install/cpp_pubsub2/share/cpp_pubsub2/hook/cmake_prefix_path.sh'
[5.866s] Level 1:colcon.colcon_core.environment:checking '/home/svaya/Documents/ros2/multithreading/install/cpp_pubsub2/lib'
[5.866s] Level 1:colcon.colcon_core.environment:checking '/home/svaya/Documents/ros2/multithreading/install/cpp_pubsub2/bin'
[5.866s] Level 1:colcon.colcon_core.environment:checking '/home/svaya/Documents/ros2/multithreading/install/cpp_pubsub2/lib/pkgconfig/cpp_pubsub2.pc'
[5.867s] Level 1:colcon.colcon_core.environment:checking '/home/svaya/Documents/ros2/multithreading/install/cpp_pubsub2/lib/python3.10/site-packages'
[5.867s] Level 1:colcon.colcon_core.environment:checking '/home/svaya/Documents/ros2/multithreading/install/cpp_pubsub2/bin'
[5.867s] INFO:colcon.colcon_core.shell:Creating package script '/home/svaya/Documents/ros2/multithreading/install/cpp_pubsub2/share/cpp_pubsub2/package.ps1'
[5.867s] INFO:colcon.colcon_core.shell:Creating package descriptor '/home/svaya/Documents/ros2/multithreading/install/cpp_pubsub2/share/cpp_pubsub2/package.dsv'
[5.867s] INFO:colcon.colcon_core.shell:Creating package script '/home/svaya/Documents/ros2/multithreading/install/cpp_pubsub2/share/cpp_pubsub2/package.sh'
[5.868s] INFO:colcon.colcon_core.shell:Creating package script '/home/svaya/Documents/ros2/multithreading/install/cpp_pubsub2/share/cpp_pubsub2/package.bash'
[5.868s] INFO:colcon.colcon_core.shell:Creating package script '/home/svaya/Documents/ros2/multithreading/install/cpp_pubsub2/share/cpp_pubsub2/package.zsh'
[5.868s] Level 1:colcon.colcon_core.environment:create_file_with_runtime_dependencies(/home/svaya/Documents/ros2/multithreading/install/cpp_pubsub2/share/colcon-core/packages/cpp_pubsub2)
[5.868s] DEBUG:colcon.colcon_parallel_executor.executor.parallel:closing loop
[5.868s] DEBUG:colcon.colcon_parallel_executor.executor.parallel:loop closed
[5.869s] DEBUG:colcon.colcon_parallel_executor.executor.parallel:run_until_complete finished with '0'
[5.869s] DEBUG:colcon.colcon_core.event_reactor:joining thread
[5.871s] INFO:colcon.colcon_core.plugin_system:Skipping extension 'colcon_notification.desktop_notification.terminal_notifier': Not used on non-Darwin systems
[5.871s] INFO:colcon.colcon_core.plugin_system:Skipping extension 'colcon_notification.desktop_notification.win32': Not used on non-Windows systems
[5.871s] INFO:colcon.colcon_notification.desktop_notification:Sending desktop notification using 'notify2'
[5.879s] DEBUG:colcon.colcon_core.event_reactor:joined thread
[5.880s] INFO:colcon.colcon_core.shell:Creating prefix script '/home/svaya/Documents/ros2/multithreading/install/local_setup.ps1'
[5.880s] INFO:colcon.colcon_core.shell:Creating prefix util module '/home/svaya/Documents/ros2/multithreading/install/_local_setup_util_ps1.py'
[5.882s] INFO:colcon.colcon_core.shell:Creating prefix chain script '/home/svaya/Documents/ros2/multithreading/install/setup.ps1'
[5.883s] INFO:colcon.colcon_core.shell:Creating prefix script '/home/svaya/Documents/ros2/multithreading/install/local_setup.sh'
[5.883s] INFO:colcon.colcon_core.shell:Creating prefix util module '/home/svaya/Documents/ros2/multithreading/install/_local_setup_util_sh.py'
[5.884s] INFO:colcon.colcon_core.shell:Creating prefix chain script '/home/svaya/Documents/ros2/multithreading/install/setup.sh'
[5.884s] INFO:colcon.colcon_core.shell:Creating prefix script '/home/svaya/Documents/ros2/multithreading/install/local_setup.bash'
[5.885s] INFO:colcon.colcon_core.shell:Creating prefix chain script '/home/svaya/Documents/ros2/multithreading/install/setup.bash'
[5.886s] INFO:colcon.colcon_core.shell:Creating prefix script '/home/svaya/Documents/ros2/multithreading/install/local_setup.zsh'
[5.886s] INFO:colcon.colcon_core.shell:Creating prefix chain script '/home/svaya/Documents/ros2/multithreading/install/setup.zsh'
