[0.007s] Invoking command in '/home/svaya/Documents/Ros2/ros2_wp/build/cpp_pubsub': CMAKE_PREFIX_PATH=/opt/ros/humble /usr/bin/cmake /home/svaya/Documents/Ros2/ros2_wp/src/cpp_pubsub -DCMAKE_INSTALL_PREFIX=/home/svaya/Documents/Ros2/ros2_wp/install/cpp_pubsub
[0.065s] -- The C compiler identification is GNU 11.4.0
[0.113s] -- The CXX compiler identification is GNU 11.4.0
[0.121s] -- Detecting C compiler ABI info
[0.191s] -- Detecting C compiler ABI info - done
[0.195s] -- Check for working C compiler: /usr/bin/cc - skipped
[0.196s] -- Detecting C compile features
[0.196s] -- Detecting C compile features - done
[0.198s] -- Detecting CXX compiler ABI info
[0.252s] -- Detecting CXX compiler ABI info - done
[0.257s] -- Check for working CXX compiler: /usr/bin/c++ - skipped
[0.257s] -- Detecting CXX compile features
[0.258s] -- Detecting CXX compile features - done
[0.259s] -- Found ament_cmake: 1.3.11 (/opt/ros/humble/share/ament_cmake/cmake)
[0.366s] -- Found Python3: /usr/bin/python3 (found version "3.10.12") found components: Interpreter 
[0.421s] -- Found rclcpp: 16.0.12 (/opt/ros/humble/share/rclcpp/cmake)
[0.444s] -- Found rosidl_generator_c: 3.1.6 (/opt/ros/humble/share/rosidl_generator_c/cmake)
[0.447s] -- Found rosidl_adapter: 3.1.6 (/opt/ros/humble/share/rosidl_adapter/cmake)
[0.451s] -- Found rosidl_generator_cpp: 3.1.6 (/opt/ros/humble/share/rosidl_generator_cpp/cmake)
[0.458s] -- Using all available rosidl_typesupport_c: rosidl_typesupport_fastrtps_c;rosidl_typesupport_introspection_c
[0.467s] -- Using all available rosidl_typesupport_cpp: rosidl_typesupport_fastrtps_cpp;rosidl_typesupport_introspection_cpp
[0.492s] -- Found rmw_implementation_cmake: 6.1.2 (/opt/ros/humble/share/rmw_implementation_cmake/cmake)
[0.493s] -- Found rmw_fastrtps_cpp: 6.2.7 (/opt/ros/humble/share/rmw_fastrtps_cpp/cmake)
[0.557s] -- Found OpenSSL: /usr/lib/x86_64-linux-gnu/libcrypto.so (found version "3.0.2")  
[0.581s] -- Found FastRTPS: /opt/ros/humble/include  
[0.608s] -- Using RMW implementation 'rmw_fastrtps_cpp' as default
[0.616s] -- Looking for pthread.h
[0.672s] -- Looking for pthread.h - found
[0.672s] -- Performing Test CMAKE_HAVE_LIBC_PTHREAD
[0.723s] -- Performing Test CMAKE_HAVE_LIBC_PTHREAD - Success
[0.724s] -- Found Threads: TRUE  
[0.755s] -- Found ament_lint_auto: 0.12.12 (/opt/ros/humble/share/ament_lint_auto/cmake)
[0.803s] -- Added test 'cppcheck' to perform static code analysis on C / C++ code
[0.803s] -- Configured cppcheck include dirs: 
[0.803s] -- Configured cppcheck exclude dirs and/or files: 
[0.803s] -- Added test 'lint_cmake' to check CMake code style
[0.804s] -- Added test 'uncrustify' to check C / C++ code style
[0.804s] -- Configured uncrustify additional arguments: 
[0.804s] -- Added test 'xmllint' to check XML markup files
[0.804s] -- Configuring done
[0.811s] -- Generating done
[0.813s] -- Build files have been written to: /home/svaya/Documents/Ros2/ros2_wp/build/cpp_pubsub
[0.819s] Invoked command in '/home/svaya/Documents/Ros2/ros2_wp/build/cpp_pubsub' returned '0': CMAKE_PREFIX_PATH=/opt/ros/humble /usr/bin/cmake /home/svaya/Documents/Ros2/ros2_wp/src/cpp_pubsub -DCMAKE_INSTALL_PREFIX=/home/svaya/Documents/Ros2/ros2_wp/install/cpp_pubsub
[0.821s] Invoking command in '/home/svaya/Documents/Ros2/ros2_wp/build/cpp_pubsub': CMAKE_PREFIX_PATH=/opt/ros/humble /usr/bin/cmake --build /home/svaya/Documents/Ros2/ros2_wp/build/cpp_pubsub -- -j28 -l28
[0.860s] [ 25%] [32mBuilding CXX object CMakeFiles/talker.dir/src/publisher_member_function.cpp.o[0m
[0.861s] [ 50%] [32mBuilding CXX object CMakeFiles/listener.dir/src/subscriber_member_function.cpp.o[0m
[3.315s] [ 75%] [32m[1mLinking CXX executable talker[0m
[3.426s] [ 75%] Built target talker
[5.518s] [100%] [32m[1mLinking CXX executable listener[0m
[5.747s] [100%] Built target listener
[5.756s] Invoked command in '/home/svaya/Documents/Ros2/ros2_wp/build/cpp_pubsub' returned '0': CMAKE_PREFIX_PATH=/opt/ros/humble /usr/bin/cmake --build /home/svaya/Documents/Ros2/ros2_wp/build/cpp_pubsub -- -j28 -l28
[5.763s] Invoking command in '/home/svaya/Documents/Ros2/ros2_wp/build/cpp_pubsub': CMAKE_PREFIX_PATH=/opt/ros/humble /usr/bin/cmake --install /home/svaya/Documents/Ros2/ros2_wp/build/cpp_pubsub
[5.773s] -- Install configuration: ""
[5.773s] -- Installing: /home/svaya/Documents/Ros2/ros2_wp/install/cpp_pubsub/lib/cpp_pubsub/talker
[5.775s] -- Set runtime path of "/home/svaya/Documents/Ros2/ros2_wp/install/cpp_pubsub/lib/cpp_pubsub/talker" to ""
[5.775s] -- Installing: /home/svaya/Documents/Ros2/ros2_wp/install/cpp_pubsub/lib/cpp_pubsub/listener
[5.777s] -- Set runtime path of "/home/svaya/Documents/Ros2/ros2_wp/install/cpp_pubsub/lib/cpp_pubsub/listener" to ""
[5.777s] -- Installing: /home/svaya/Documents/Ros2/ros2_wp/install/cpp_pubsub/share/ament_index/resource_index/package_run_dependencies/cpp_pubsub
[5.777s] -- Installing: /home/svaya/Documents/Ros2/ros2_wp/install/cpp_pubsub/share/ament_index/resource_index/parent_prefix_path/cpp_pubsub
[5.778s] -- Installing: /home/svaya/Documents/Ros2/ros2_wp/install/cpp_pubsub/share/cpp_pubsub/environment/ament_prefix_path.sh
[5.778s] -- Installing: /home/svaya/Documents/Ros2/ros2_wp/install/cpp_pubsub/share/cpp_pubsub/environment/ament_prefix_path.dsv
[5.778s] -- Installing: /home/svaya/Documents/Ros2/ros2_wp/install/cpp_pubsub/share/cpp_pubsub/environment/path.sh
[5.778s] -- Installing: /home/svaya/Documents/Ros2/ros2_wp/install/cpp_pubsub/share/cpp_pubsub/environment/path.dsv
[5.778s] -- Installing: /home/svaya/Documents/Ros2/ros2_wp/install/cpp_pubsub/share/cpp_pubsub/local_setup.bash
[5.778s] -- Installing: /home/svaya/Documents/Ros2/ros2_wp/install/cpp_pubsub/share/cpp_pubsub/local_setup.sh
[5.778s] -- Installing: /home/svaya/Documents/Ros2/ros2_wp/install/cpp_pubsub/share/cpp_pubsub/local_setup.zsh
[5.778s] -- Installing: /home/svaya/Documents/Ros2/ros2_wp/install/cpp_pubsub/share/cpp_pubsub/local_setup.dsv
[5.778s] -- Installing: /home/svaya/Documents/Ros2/ros2_wp/install/cpp_pubsub/share/cpp_pubsub/package.dsv
[5.778s] -- Installing: /home/svaya/Documents/Ros2/ros2_wp/install/cpp_pubsub/share/ament_index/resource_index/packages/cpp_pubsub
[5.778s] -- Installing: /home/svaya/Documents/Ros2/ros2_wp/install/cpp_pubsub/share/cpp_pubsub/cmake/cpp_pubsubConfig.cmake
[5.778s] -- Installing: /home/svaya/Documents/Ros2/ros2_wp/install/cpp_pubsub/share/cpp_pubsub/cmake/cpp_pubsubConfig-version.cmake
[5.778s] -- Installing: /home/svaya/Documents/Ros2/ros2_wp/install/cpp_pubsub/share/cpp_pubsub/package.xml
[5.780s] Invoked command in '/home/svaya/Documents/Ros2/ros2_wp/build/cpp_pubsub' returned '0': CMAKE_PREFIX_PATH=/opt/ros/humble /usr/bin/cmake --install /home/svaya/Documents/Ros2/ros2_wp/build/cpp_pubsub
