[0.007s] Invoking command in '/home/svaya/Documents/ros2/multithreading/build/cpp_pubsub1': CMAKE_PREFIX_PATH=${CMAKE_PREFIX_PATH}:/opt/ros/humble /usr/bin/cmake --build /home/svaya/Documents/ros2/multithreading/build/cpp_pubsub1 -- -j28 -l28
[0.057s] [35m[1mConsolidate compiler generated dependencies of target parallelism[0m
[0.085s] [100%] Built target parallelism
[0.097s] Invoked command in '/home/svaya/Documents/ros2/multithreading/build/cpp_pubsub1' returned '0': CMAKE_PREFIX_PATH=${CMAKE_PREFIX_PATH}:/opt/ros/humble /usr/bin/cmake --build /home/svaya/Documents/ros2/multithreading/build/cpp_pubsub1 -- -j28 -l28
[0.109s] Invoking command in '/home/svaya/Documents/ros2/multithreading/build/cpp_pubsub1': CMAKE_PREFIX_PATH=${CMAKE_PREFIX_PATH}:/opt/ros/humble /usr/bin/cmake --install /home/svaya/Documents/ros2/multithreading/build/cpp_pubsub1
[0.114s] -- Install configuration: ""
[0.114s] -- Up-to-date: /home/svaya/Documents/ros2/multithreading/install/cpp_pubsub1/lib/cpp_pubsub1/parallelism
[0.115s] -- Up-to-date: /home/svaya/Documents/ros2/multithreading/install/cpp_pubsub1/share/ament_index/resource_index/package_run_dependencies/cpp_pubsub1
[0.115s] -- Up-to-date: /home/svaya/Documents/ros2/multithreading/install/cpp_pubsub1/share/ament_index/resource_index/parent_prefix_path/cpp_pubsub1
[0.115s] -- Up-to-date: /home/svaya/Documents/ros2/multithreading/install/cpp_pubsub1/share/cpp_pubsub1/environment/ament_prefix_path.sh
[0.115s] -- Up-to-date: /home/svaya/Documents/ros2/multithreading/install/cpp_pubsub1/share/cpp_pubsub1/environment/ament_prefix_path.dsv
[0.115s] -- Up-to-date: /home/svaya/Documents/ros2/multithreading/install/cpp_pubsub1/share/cpp_pubsub1/environment/path.sh
[0.116s] -- Up-to-date: /home/svaya/Documents/ros2/multithreading/install/cpp_pubsub1/share/cpp_pubsub1/environment/path.dsv
[0.116s] -- Up-to-date: /home/svaya/Documents/ros2/multithreading/install/cpp_pubsub1/share/cpp_pubsub1/local_setup.bash
[0.116s] -- Up-to-date: /home/svaya/Documents/ros2/multithreading/install/cpp_pubsub1/share/cpp_pubsub1/local_setup.sh
[0.116s] -- Up-to-date: /home/svaya/Documents/ros2/multithreading/install/cpp_pubsub1/share/cpp_pubsub1/local_setup.zsh
[0.116s] -- Up-to-date: /home/svaya/Documents/ros2/multithreading/install/cpp_pubsub1/share/cpp_pubsub1/local_setup.dsv
[0.116s] -- Installing: /home/svaya/Documents/ros2/multithreading/install/cpp_pubsub1/share/cpp_pubsub1/package.dsv
[0.117s] -- Up-to-date: /home/svaya/Documents/ros2/multithreading/install/cpp_pubsub1/share/ament_index/resource_index/packages/cpp_pubsub1
[0.117s] -- Up-to-date: /home/svaya/Documents/ros2/multithreading/install/cpp_pubsub1/share/cpp_pubsub1/cmake/cpp_pubsub1Config.cmake
[0.117s] -- Up-to-date: /home/svaya/Documents/ros2/multithreading/install/cpp_pubsub1/share/cpp_pubsub1/cmake/cpp_pubsub1Config-version.cmake
[0.117s] -- Up-to-date: /home/svaya/Documents/ros2/multithreading/install/cpp_pubsub1/share/cpp_pubsub1/package.xml
[0.118s] Invoked command in '/home/svaya/Documents/ros2/multithreading/build/cpp_pubsub1' returned '0': CMAKE_PREFIX_PATH=${CMAKE_PREFIX_PATH}:/opt/ros/humble /usr/bin/cmake --install /home/svaya/Documents/ros2/multithreading/build/cpp_pubsub1
