[0.007s] Invoking command in '/home/svaya/Documents/ros2/multithreading/build/cpp_pubsub1': CMAKE_PREFIX_PATH=${CMAKE_PREFIX_PATH}:/opt/ros/humble /usr/bin/cmake --build /home/svaya/Documents/ros2/multithreading/build/cpp_pubsub1 -- -j28 -l28
[0.084s] [ 50%] [32mBuilding CXX object CMakeFiles/parallelism.dir/src/main.cpp.o[0m
[5.069s] [100%] [32m[1mLinking CXX executable parallelism[0m
[5.314s] [100%] Built target parallelism
[5.323s] Invoked command in '/home/svaya/Documents/ros2/multithreading/build/cpp_pubsub1' returned '0': CMAKE_PREFIX_PATH=${CMAKE_PREFIX_PATH}:/opt/ros/humble /usr/bin/cmake --build /home/svaya/Documents/ros2/multithreading/build/cpp_pubsub1 -- -j28 -l28
[5.330s] Invoking command in '/home/svaya/Documents/ros2/multithreading/build/cpp_pubsub1': CMAKE_PREFIX_PATH=${CMAKE_PREFIX_PATH}:/opt/ros/humble /usr/bin/cmake --install /home/svaya/Documents/ros2/multithreading/build/cpp_pubsub1
[5.335s] -- Install configuration: ""
[5.335s] -- Installing: /home/svaya/Documents/ros2/multithreading/install/cpp_pubsub1/lib/cpp_pubsub1/parallelism
[5.338s] -- Set runtime path of "/home/svaya/Documents/ros2/multithreading/install/cpp_pubsub1/lib/cpp_pubsub1/parallelism" to ""
[5.338s] -- Up-to-date: /home/svaya/Documents/ros2/multithreading/install/cpp_pubsub1/share/ament_index/resource_index/package_run_dependencies/cpp_pubsub1
[5.339s] -- Up-to-date: /home/svaya/Documents/ros2/multithreading/install/cpp_pubsub1/share/ament_index/resource_index/parent_prefix_path/cpp_pubsub1
[5.339s] -- Up-to-date: /home/svaya/Documents/ros2/multithreading/install/cpp_pubsub1/share/cpp_pubsub1/environment/ament_prefix_path.sh
[5.339s] -- Up-to-date: /home/svaya/Documents/ros2/multithreading/install/cpp_pubsub1/share/cpp_pubsub1/environment/ament_prefix_path.dsv
[5.339s] -- Up-to-date: /home/svaya/Documents/ros2/multithreading/install/cpp_pubsub1/share/cpp_pubsub1/environment/path.sh
[5.339s] -- Up-to-date: /home/svaya/Documents/ros2/multithreading/install/cpp_pubsub1/share/cpp_pubsub1/environment/path.dsv
[5.339s] -- Up-to-date: /home/svaya/Documents/ros2/multithreading/install/cpp_pubsub1/share/cpp_pubsub1/local_setup.bash
[5.339s] -- Up-to-date: /home/svaya/Documents/ros2/multithreading/install/cpp_pubsub1/share/cpp_pubsub1/local_setup.sh
[5.339s] -- Up-to-date: /home/svaya/Documents/ros2/multithreading/install/cpp_pubsub1/share/cpp_pubsub1/local_setup.zsh
[5.339s] -- Up-to-date: /home/svaya/Documents/ros2/multithreading/install/cpp_pubsub1/share/cpp_pubsub1/local_setup.dsv
[5.339s] -- Installing: /home/svaya/Documents/ros2/multithreading/install/cpp_pubsub1/share/cpp_pubsub1/package.dsv
[5.339s] -- Up-to-date: /home/svaya/Documents/ros2/multithreading/install/cpp_pubsub1/share/ament_index/resource_index/packages/cpp_pubsub1
[5.339s] -- Up-to-date: /home/svaya/Documents/ros2/multithreading/install/cpp_pubsub1/share/cpp_pubsub1/cmake/cpp_pubsub1Config.cmake
[5.339s] -- Up-to-date: /home/svaya/Documents/ros2/multithreading/install/cpp_pubsub1/share/cpp_pubsub1/cmake/cpp_pubsub1Config-version.cmake
[5.339s] -- Up-to-date: /home/svaya/Documents/ros2/multithreading/install/cpp_pubsub1/share/cpp_pubsub1/package.xml
[5.341s] Invoked command in '/home/svaya/Documents/ros2/multithreading/build/cpp_pubsub1' returned '0': CMAKE_PREFIX_PATH=${CMAKE_PREFIX_PATH}:/opt/ros/humble /usr/bin/cmake --install /home/svaya/Documents/ros2/multithreading/build/cpp_pubsub1
