[0.006s] Invoking command in '/home/svaya/Documents/Ros2/ros2_wp/build/tutorial_interfaces': CMAKE_PREFIX_PATH=${CMAKE_PREFIX_PATH}:/opt/ros/humble /usr/bin/cmake /home/svaya/Documents/Ros2/ros2_wp/src/tutorial_interfaces -DCMAKE_INSTALL_PREFIX=/home/svaya/Documents/Ros2/ros2_wp/install/tutorial_interfaces
[0.052s] -- The C compiler identification is GNU 11.4.0
[0.088s] -- The CXX compiler identification is GNU 11.4.0
[0.093s] -- Detecting C compiler ABI info
[0.163s] -- Detecting C compiler ABI info - done
[0.173s] -- Check for working C compiler: /usr/bin/cc - skipped
[0.174s] -- Detecting C compile features
[0.174s] -- Detecting C compile features - done
[0.179s] -- Detecting CXX compiler ABI info
[0.258s] -- Detecting CXX compiler ABI info - done
[0.263s] -- Check for working CXX compiler: /usr/bin/c++ - skipped
[0.263s] -- Detecting CXX compile features
[0.264s] -- Detecting CXX compile features - done
[0.265s] -- Found ament_cmake: 1.3.11 (/opt/ros/humble/share/ament_cmake/cmake)
[0.392s] -- Found Python3: /usr/bin/python3 (found version "3.10.12") found components: Interpreter 
[0.467s] -- Found geometry_msgs: 4.9.0 (/opt/ros/humble/share/geometry_msgs/cmake)
[0.495s] -- Found rosidl_generator_c: 3.1.6 (/opt/ros/humble/share/rosidl_generator_c/cmake)
[0.498s] -- Found rosidl_adapter: 3.1.6 (/opt/ros/humble/share/rosidl_adapter/cmake)
[0.503s] -- Found rosidl_generator_cpp: 3.1.6 (/opt/ros/humble/share/rosidl_generator_cpp/cmake)
[0.511s] -- Using all available rosidl_typesupport_c: rosidl_typesupport_fastrtps_c;rosidl_typesupport_introspection_c
[0.522s] -- Using all available rosidl_typesupport_cpp: rosidl_typesupport_fastrtps_cpp;rosidl_typesupport_introspection_cpp
[0.547s] -- Found rosidl_default_generators: 1.2.0 (/opt/ros/humble/share/rosidl_default_generators/cmake)
[0.778s] -- Found ament_cmake_ros: 0.10.0 (/opt/ros/humble/share/ament_cmake_ros/cmake)
[1.051s] -- Using all available rosidl_typesupport_c: rosidl_typesupport_fastrtps_c;rosidl_typesupport_introspection_c
[1.170s] -- Using all available rosidl_typesupport_cpp: rosidl_typesupport_fastrtps_cpp;rosidl_typesupport_introspection_cpp
[1.185s] -- Found PythonInterp: /usr/bin/python3 (found suitable version "3.10.12", minimum required is "3.6") 
[1.186s] -- Found python_cmake_module: 0.10.0 (/opt/ros/humble/share/python_cmake_module/cmake)
[1.206s] -- Found PythonLibs: /usr/lib/x86_64-linux-gnu/libpython3.10.so (found suitable version "3.10.12", minimum required is "3.5") 
[1.206s] -- Using PYTHON_EXECUTABLE: /usr/bin/python3
[1.206s] -- Using PYTHON_INCLUDE_DIRS: /usr/include/python3.10
[1.206s] -- Using PYTHON_LIBRARIES: /usr/lib/x86_64-linux-gnu/libpython3.10.so
[1.232s] -- Found PythonExtra: .so  
[1.281s] -- Found ament_lint_auto: 0.12.12 (/opt/ros/humble/share/ament_lint_auto/cmake)
[1.292s] -- Added test 'lint_cmake' to check CMake code style
[1.293s] -- Added test 'xmllint' to check XML markup files
[1.294s] -- Configuring done
[1.315s] -- Generating done
[1.323s] -- Build files have been written to: /home/svaya/Documents/Ros2/ros2_wp/build/tutorial_interfaces
[1.331s] Invoked command in '/home/svaya/Documents/Ros2/ros2_wp/build/tutorial_interfaces' returned '0': CMAKE_PREFIX_PATH=${CMAKE_PREFIX_PATH}:/opt/ros/humble /usr/bin/cmake /home/svaya/Documents/Ros2/ros2_wp/src/tutorial_interfaces -DCMAKE_INSTALL_PREFIX=/home/svaya/Documents/Ros2/ros2_wp/install/tutorial_interfaces
[1.331s] Invoking command in '/home/svaya/Documents/Ros2/ros2_wp/build/tutorial_interfaces': CMAKE_PREFIX_PATH=${CMAKE_PREFIX_PATH}:/opt/ros/humble /usr/bin/cmake --build /home/svaya/Documents/Ros2/ros2_wp/build/tutorial_interfaces -- -j28 -l28
[1.363s] [  2%] [34m[1mGenerating C code for ROS interfaces[0m
[1.371s] [  4%] [34m[1mGenerating C++ code for ROS interfaces[0m
[1.377s] [  4%] Built target ament_cmake_python_copy_tutorial_interfaces
[1.517s] running egg_info
[1.518s] creating tutorial_interfaces.egg-info
[1.518s] writing tutorial_interfaces.egg-info/PKG-INFO
[1.518s] writing dependency_links to tutorial_interfaces.egg-info/dependency_links.txt
[1.518s] writing top-level names to tutorial_interfaces.egg-info/top_level.txt
[1.518s] writing manifest file 'tutorial_interfaces.egg-info/SOURCES.txt'
[1.519s] reading manifest file 'tutorial_interfaces.egg-info/SOURCES.txt'
[1.519s] writing manifest file 'tutorial_interfaces.egg-info/SOURCES.txt'
[1.536s] [  4%] Built target ament_cmake_python_build_tutorial_interfaces_egg
[1.574s] [  4%] Built target tutorial_interfaces__cpp
[1.580s] [  6%] [34m[1mGenerating C++ type support for eProsima Fast-RTPS[0m
[1.581s] [  8%] [34m[1mGenerating C++ type support dispatch for ROS interfaces[0m
[1.581s] [ 10%] [34m[1mGenerating C++ introspection for ROS interfaces[0m
[1.588s] [ 12%] [32mBuilding C object CMakeFiles/tutorial_interfaces__rosidl_generator_c.dir/rosidl_generator_c/tutorial_interfaces/srv/detail/add_three_ints__functions.c.o[0m
[1.588s] [ 17%] [32mBuilding C object CMakeFiles/tutorial_interfaces__rosidl_generator_c.dir/rosidl_generator_c/tutorial_interfaces/msg/detail/sphere__functions.c.o[0m
[1.588s] [ 17%] [32mBuilding C object CMakeFiles/tutorial_interfaces__rosidl_generator_c.dir/rosidl_generator_c/tutorial_interfaces/msg/detail/num__functions.c.o[0m
[1.627s] [ 19%] [32m[1mLinking C shared library libtutorial_interfaces__rosidl_generator_c.so[0m
[1.653s] [ 19%] Built target tutorial_interfaces__rosidl_generator_c
[1.660s] [ 21%] [34m[1mGenerating C type support for eProsima Fast-RTPS[0m
[1.661s] [ 25%] [34m[1mGenerating C introspection for ROS interfaces[0m
[1.661s] [ 25%] [34m[1mGenerating C type support dispatch for ROS interfaces[0m
[1.754s] [ 27%] [32mBuilding CXX object CMakeFiles/tutorial_interfaces__rosidl_typesupport_cpp.dir/rosidl_typesupport_cpp/tutorial_interfaces/msg/num__type_support.cpp.o[0m
[1.754s] [ 29%] [32mBuilding CXX object CMakeFiles/tutorial_interfaces__rosidl_typesupport_cpp.dir/rosidl_typesupport_cpp/tutorial_interfaces/msg/sphere__type_support.cpp.o[0m
[1.755s] [ 31%] [32mBuilding CXX object CMakeFiles/tutorial_interfaces__rosidl_typesupport_cpp.dir/rosidl_typesupport_cpp/tutorial_interfaces/srv/add_three_ints__type_support.cpp.o[0m
[1.761s] [ 36%] [32mBuilding CXX object CMakeFiles/tutorial_interfaces__rosidl_typesupport_introspection_cpp.dir/rosidl_typesupport_introspection_cpp/tutorial_interfaces/srv/detail/add_three_ints__type_support.cpp.o[0m
[1.761s] [ 36%] [32mBuilding CXX object CMakeFiles/tutorial_interfaces__rosidl_typesupport_introspection_cpp.dir/rosidl_typesupport_introspection_cpp/tutorial_interfaces/msg/detail/num__type_support.cpp.o[0m
[1.762s] [ 38%] [32mBuilding CXX object CMakeFiles/tutorial_interfaces__rosidl_typesupport_introspection_cpp.dir/rosidl_typesupport_introspection_cpp/tutorial_interfaces/msg/detail/sphere__type_support.cpp.o[0m
[1.780s] [ 40%] [32mBuilding CXX object CMakeFiles/tutorial_interfaces__rosidl_typesupport_fastrtps_cpp.dir/rosidl_typesupport_fastrtps_cpp/tutorial_interfaces/msg/detail/dds_fastrtps/num__type_support.cpp.o[0m
[1.780s] [ 44%] [32mBuilding CXX object CMakeFiles/tutorial_interfaces__rosidl_typesupport_fastrtps_cpp.dir/rosidl_typesupport_fastrtps_cpp/tutorial_interfaces/msg/detail/dds_fastrtps/sphere__type_support.cpp.o[0m
[1.780s] [ 44%] [32mBuilding CXX object CMakeFiles/tutorial_interfaces__rosidl_typesupport_fastrtps_cpp.dir/rosidl_typesupport_fastrtps_cpp/tutorial_interfaces/srv/detail/dds_fastrtps/add_three_ints__type_support.cpp.o[0m
[1.826s] [ 48%] [32mBuilding CXX object CMakeFiles/tutorial_interfaces__rosidl_typesupport_c.dir/rosidl_typesupport_c/tutorial_interfaces/msg/num__type_support.cpp.o[0m
[1.826s] [ 48%] [32mBuilding CXX object CMakeFiles/tutorial_interfaces__rosidl_typesupport_c.dir/rosidl_typesupport_c/tutorial_interfaces/srv/add_three_ints__type_support.cpp.o[0m
[1.826s] [ 51%] [32mBuilding CXX object CMakeFiles/tutorial_interfaces__rosidl_typesupport_c.dir/rosidl_typesupport_c/tutorial_interfaces/msg/sphere__type_support.cpp.o[0m
[1.844s] [ 53%] [32m[1mLinking CXX shared library libtutorial_interfaces__rosidl_typesupport_c.so[0m
[1.854s] [ 57%] [32mBuilding C object CMakeFiles/tutorial_interfaces__rosidl_typesupport_introspection_c.dir/rosidl_typesupport_introspection_c/tutorial_interfaces/srv/detail/add_three_ints__type_support.c.o[0m
[1.854s] [ 57%] [32mBuilding C object CMakeFiles/tutorial_interfaces__rosidl_typesupport_introspection_c.dir/rosidl_typesupport_introspection_c/tutorial_interfaces/msg/detail/sphere__type_support.c.o[0m
[1.854s] [ 59%] [32mBuilding C object CMakeFiles/tutorial_interfaces__rosidl_typesupport_introspection_c.dir/rosidl_typesupport_introspection_c/tutorial_interfaces/msg/detail/num__type_support.c.o[0m
[1.875s] [ 59%] Built target tutorial_interfaces__rosidl_typesupport_c
[1.880s] [ 61%] [32m[1mLinking C shared library libtutorial_interfaces__rosidl_typesupport_introspection_c.so[0m
[1.902s] [ 61%] Built target tutorial_interfaces__rosidl_typesupport_introspection_c
[1.907s] [ 63%] [32mBuilding CXX object CMakeFiles/tutorial_interfaces__rosidl_typesupport_fastrtps_c.dir/rosidl_typesupport_fastrtps_c/tutorial_interfaces/srv/detail/add_three_ints__type_support_c.cpp.o[0m
[1.907s] [ 68%] [32mBuilding CXX object CMakeFiles/tutorial_interfaces__rosidl_typesupport_fastrtps_c.dir/rosidl_typesupport_fastrtps_c/tutorial_interfaces/msg/detail/sphere__type_support_c.cpp.o[0m
[1.907s] [ 68%] [32mBuilding CXX object CMakeFiles/tutorial_interfaces__rosidl_typesupport_fastrtps_c.dir/rosidl_typesupport_fastrtps_c/tutorial_interfaces/msg/detail/num__type_support_c.cpp.o[0m
[1.915s] [ 70%] [32m[1mLinking CXX shared library libtutorial_interfaces__rosidl_typesupport_cpp.so[0m
[1.946s] [ 70%] Built target tutorial_interfaces__rosidl_typesupport_cpp
[2.050s] [ 72%] [32m[1mLinking CXX shared library libtutorial_interfaces__rosidl_typesupport_introspection_cpp.so[0m
[2.050s] [ 74%] [32m[1mLinking CXX shared library libtutorial_interfaces__rosidl_typesupport_fastrtps_cpp.so[0m
[2.093s] [ 74%] Built target tutorial_interfaces__rosidl_typesupport_introspection_cpp
[2.103s] [ 74%] Built target tutorial_interfaces__rosidl_typesupport_fastrtps_cpp
[2.107s] [ 76%] [32m[1mLinking CXX shared library libtutorial_interfaces__rosidl_typesupport_fastrtps_c.so[0m
[2.170s] [ 76%] Built target tutorial_interfaces__rosidl_typesupport_fastrtps_c
[2.204s] [ 76%] Built target tutorial_interfaces
[2.232s] [ 78%] [34m[1mGenerating Python code for ROS interfaces[0m
[2.523s] [ 78%] Built target tutorial_interfaces__py
[2.536s] [ 80%] [32mBuilding C object CMakeFiles/tutorial_interfaces__rosidl_generator_py.dir/rosidl_generator_py/tutorial_interfaces/msg/_num_s.c.o[0m
[2.536s] [ 85%] [32mBuilding C object CMakeFiles/tutorial_interfaces__rosidl_generator_py.dir/rosidl_generator_py/tutorial_interfaces/msg/_sphere_s.c.o[0m
[2.536s] [ 85%] [32mBuilding C object CMakeFiles/tutorial_interfaces__rosidl_generator_py.dir/rosidl_generator_py/tutorial_interfaces/srv/_add_three_ints_s.c.o[0m
[2.599s] [ 87%] [32m[1mLinking C shared library rosidl_generator_py/tutorial_interfaces/libtutorial_interfaces__rosidl_generator_py.so[0m
[2.636s] [ 87%] Built target tutorial_interfaces__rosidl_generator_py
[2.649s] [ 89%] [32mBuilding C object CMakeFiles/tutorial_interfaces__rosidl_typesupport_fastrtps_c__pyext.dir/rosidl_generator_py/tutorial_interfaces/_tutorial_interfaces_s.ep.rosidl_typesupport_fastrtps_c.c.o[0m
[2.650s] [ 91%] [32mBuilding C object CMakeFiles/tutorial_interfaces__rosidl_typesupport_c__pyext.dir/rosidl_generator_py/tutorial_interfaces/_tutorial_interfaces_s.ep.rosidl_typesupport_c.c.o[0m
[2.650s] [ 93%] [32mBuilding C object CMakeFiles/tutorial_interfaces__rosidl_typesupport_introspection_c__pyext.dir/rosidl_generator_py/tutorial_interfaces/_tutorial_interfaces_s.ep.rosidl_typesupport_introspection_c.c.o[0m
[2.711s] [ 95%] [32m[1mLinking C shared library rosidl_generator_py/tutorial_interfaces/tutorial_interfaces_s__rosidl_typesupport_fastrtps_c.cpython-310-x86_64-linux-gnu.so[0m
[2.712s] [ 97%] [32m[1mLinking C shared library rosidl_generator_py/tutorial_interfaces/tutorial_interfaces_s__rosidl_typesupport_introspection_c.cpython-310-x86_64-linux-gnu.so[0m
[2.713s] [100%] [32m[1mLinking C shared library rosidl_generator_py/tutorial_interfaces/tutorial_interfaces_s__rosidl_typesupport_c.cpython-310-x86_64-linux-gnu.so[0m
[2.740s] [100%] Built target tutorial_interfaces__rosidl_typesupport_fastrtps_c__pyext
[2.741s] [100%] Built target tutorial_interfaces__rosidl_typesupport_c__pyext
[2.742s] [100%] Built target tutorial_interfaces__rosidl_typesupport_introspection_c__pyext
[2.750s] Invoked command in '/home/svaya/Documents/Ros2/ros2_wp/build/tutorial_interfaces' returned '0': CMAKE_PREFIX_PATH=${CMAKE_PREFIX_PATH}:/opt/ros/humble /usr/bin/cmake --build /home/svaya/Documents/Ros2/ros2_wp/build/tutorial_interfaces -- -j28 -l28
[2.756s] Invoking command in '/home/svaya/Documents/Ros2/ros2_wp/build/tutorial_interfaces': CMAKE_PREFIX_PATH=${CMAKE_PREFIX_PATH}:/opt/ros/humble /usr/bin/cmake --install /home/svaya/Documents/Ros2/ros2_wp/build/tutorial_interfaces
[2.761s] -- Install configuration: ""
[2.761s] -- Installing: /home/svaya/Documents/Ros2/ros2_wp/install/tutorial_interfaces/share/ament_index/resource_index/rosidl_interfaces/tutorial_interfaces
[2.761s] -- Installing: /home/svaya/Documents/Ros2/ros2_wp/install/tutorial_interfaces/include/tutorial_interfaces/tutorial_interfaces
[2.761s] -- Installing: /home/svaya/Documents/Ros2/ros2_wp/install/tutorial_interfaces/include/tutorial_interfaces/tutorial_interfaces/srv
[2.761s] -- Installing: /home/svaya/Documents/Ros2/ros2_wp/install/tutorial_interfaces/include/tutorial_interfaces/tutorial_interfaces/srv/add_three_ints.h
[2.761s] -- Installing: /home/svaya/Documents/Ros2/ros2_wp/install/tutorial_interfaces/include/tutorial_interfaces/tutorial_interfaces/srv/detail
[2.761s] -- Installing: /home/svaya/Documents/Ros2/ros2_wp/install/tutorial_interfaces/include/tutorial_interfaces/tutorial_interfaces/srv/detail/add_three_ints__struct.h
[2.761s] -- Installing: /home/svaya/Documents/Ros2/ros2_wp/install/tutorial_interfaces/include/tutorial_interfaces/tutorial_interfaces/srv/detail/add_three_ints__functions.c
[2.761s] -- Installing: /home/svaya/Documents/Ros2/ros2_wp/install/tutorial_interfaces/include/tutorial_interfaces/tutorial_interfaces/srv/detail/add_three_ints__functions.h
[2.761s] -- Installing: /home/svaya/Documents/Ros2/ros2_wp/install/tutorial_interfaces/include/tutorial_interfaces/tutorial_interfaces/srv/detail/add_three_ints__type_support.h
[2.761s] -- Installing: /home/svaya/Documents/Ros2/ros2_wp/install/tutorial_interfaces/include/tutorial_interfaces/tutorial_interfaces/msg
[2.761s] -- Installing: /home/svaya/Documents/Ros2/ros2_wp/install/tutorial_interfaces/include/tutorial_interfaces/tutorial_interfaces/msg/sphere.h
[2.761s] -- Installing: /home/svaya/Documents/Ros2/ros2_wp/install/tutorial_interfaces/include/tutorial_interfaces/tutorial_interfaces/msg/rosidl_generator_c__visibility_control.h
[2.761s] -- Installing: /home/svaya/Documents/Ros2/ros2_wp/install/tutorial_interfaces/include/tutorial_interfaces/tutorial_interfaces/msg/num.h
[2.761s] -- Installing: /home/svaya/Documents/Ros2/ros2_wp/install/tutorial_interfaces/include/tutorial_interfaces/tutorial_interfaces/msg/detail
[2.761s] -- Installing: /home/svaya/Documents/Ros2/ros2_wp/install/tutorial_interfaces/include/tutorial_interfaces/tutorial_interfaces/msg/detail/num__functions.h
[2.762s] -- Installing: /home/svaya/Documents/Ros2/ros2_wp/install/tutorial_interfaces/include/tutorial_interfaces/tutorial_interfaces/msg/detail/sphere__struct.h
[2.762s] -- Installing: /home/svaya/Documents/Ros2/ros2_wp/install/tutorial_interfaces/include/tutorial_interfaces/tutorial_interfaces/msg/detail/sphere__functions.c
[2.762s] -- Installing: /home/svaya/Documents/Ros2/ros2_wp/install/tutorial_interfaces/include/tutorial_interfaces/tutorial_interfaces/msg/detail/num__functions.c
[2.762s] -- Installing: /home/svaya/Documents/Ros2/ros2_wp/install/tutorial_interfaces/include/tutorial_interfaces/tutorial_interfaces/msg/detail/num__struct.h
[2.762s] -- Installing: /home/svaya/Documents/Ros2/ros2_wp/install/tutorial_interfaces/include/tutorial_interfaces/tutorial_interfaces/msg/detail/num__type_support.h
[2.762s] -- Installing: /home/svaya/Documents/Ros2/ros2_wp/install/tutorial_interfaces/include/tutorial_interfaces/tutorial_interfaces/msg/detail/sphere__type_support.h
[2.762s] -- Installing: /home/svaya/Documents/Ros2/ros2_wp/install/tutorial_interfaces/include/tutorial_interfaces/tutorial_interfaces/msg/detail/sphere__functions.h
[2.762s] -- Installing: /home/svaya/Documents/Ros2/ros2_wp/install/tutorial_interfaces/share/tutorial_interfaces/environment/library_path.sh
[2.762s] -- Installing: /home/svaya/Documents/Ros2/ros2_wp/install/tutorial_interfaces/share/tutorial_interfaces/environment/library_path.dsv
[2.762s] -- Installing: /home/svaya/Documents/Ros2/ros2_wp/install/tutorial_interfaces/lib/libtutorial_interfaces__rosidl_generator_c.so
[2.762s] -- Set runtime path of "/home/svaya/Documents/Ros2/ros2_wp/install/tutorial_interfaces/lib/libtutorial_interfaces__rosidl_generator_c.so" to ""
[2.762s] -- Up-to-date: /home/svaya/Documents/Ros2/ros2_wp/install/tutorial_interfaces/include/tutorial_interfaces/tutorial_interfaces
[2.762s] -- Up-to-date: /home/svaya/Documents/Ros2/ros2_wp/install/tutorial_interfaces/include/tutorial_interfaces/tutorial_interfaces/srv
[2.762s] -- Up-to-date: /home/svaya/Documents/Ros2/ros2_wp/install/tutorial_interfaces/include/tutorial_interfaces/tutorial_interfaces/srv/detail
[2.762s] -- Installing: /home/svaya/Documents/Ros2/ros2_wp/install/tutorial_interfaces/include/tutorial_interfaces/tutorial_interfaces/srv/detail/add_three_ints__rosidl_typesupport_fastrtps_c.h
[2.763s] -- Up-to-date: /home/svaya/Documents/Ros2/ros2_wp/install/tutorial_interfaces/include/tutorial_interfaces/tutorial_interfaces/msg
[2.763s] -- Installing: /home/svaya/Documents/Ros2/ros2_wp/install/tutorial_interfaces/include/tutorial_interfaces/tutorial_interfaces/msg/rosidl_typesupport_fastrtps_c__visibility_control.h
[2.763s] -- Up-to-date: /home/svaya/Documents/Ros2/ros2_wp/install/tutorial_interfaces/include/tutorial_interfaces/tutorial_interfaces/msg/detail
[2.763s] -- Installing: /home/svaya/Documents/Ros2/ros2_wp/install/tutorial_interfaces/include/tutorial_interfaces/tutorial_interfaces/msg/detail/sphere__rosidl_typesupport_fastrtps_c.h
[2.763s] -- Installing: /home/svaya/Documents/Ros2/ros2_wp/install/tutorial_interfaces/include/tutorial_interfaces/tutorial_interfaces/msg/detail/num__rosidl_typesupport_fastrtps_c.h
[2.763s] -- Installing: /home/svaya/Documents/Ros2/ros2_wp/install/tutorial_interfaces/lib/libtutorial_interfaces__rosidl_typesupport_fastrtps_c.so
[2.763s] -- Set runtime path of "/home/svaya/Documents/Ros2/ros2_wp/install/tutorial_interfaces/lib/libtutorial_interfaces__rosidl_typesupport_fastrtps_c.so" to ""
[2.763s] -- Up-to-date: /home/svaya/Documents/Ros2/ros2_wp/install/tutorial_interfaces/include/tutorial_interfaces/tutorial_interfaces
[2.763s] -- Up-to-date: /home/svaya/Documents/Ros2/ros2_wp/install/tutorial_interfaces/include/tutorial_interfaces/tutorial_interfaces/srv
[2.763s] -- Installing: /home/svaya/Documents/Ros2/ros2_wp/install/tutorial_interfaces/include/tutorial_interfaces/tutorial_interfaces/srv/add_three_ints.hpp
[2.763s] -- Up-to-date: /home/svaya/Documents/Ros2/ros2_wp/install/tutorial_interfaces/include/tutorial_interfaces/tutorial_interfaces/srv/detail
[2.763s] -- Installing: /home/svaya/Documents/Ros2/ros2_wp/install/tutorial_interfaces/include/tutorial_interfaces/tutorial_interfaces/srv/detail/add_three_ints__struct.hpp
[2.763s] -- Installing: /home/svaya/Documents/Ros2/ros2_wp/install/tutorial_interfaces/include/tutorial_interfaces/tutorial_interfaces/srv/detail/add_three_ints__builder.hpp
[2.763s] -- Installing: /home/svaya/Documents/Ros2/ros2_wp/install/tutorial_interfaces/include/tutorial_interfaces/tutorial_interfaces/srv/detail/add_three_ints__type_support.hpp
[2.763s] -- Installing: /home/svaya/Documents/Ros2/ros2_wp/install/tutorial_interfaces/include/tutorial_interfaces/tutorial_interfaces/srv/detail/add_three_ints__traits.hpp
[2.764s] -- Up-to-date: /home/svaya/Documents/Ros2/ros2_wp/install/tutorial_interfaces/include/tutorial_interfaces/tutorial_interfaces/msg
[2.764s] -- Installing: /home/svaya/Documents/Ros2/ros2_wp/install/tutorial_interfaces/include/tutorial_interfaces/tutorial_interfaces/msg/num.hpp
[2.764s] -- Installing: /home/svaya/Documents/Ros2/ros2_wp/install/tutorial_interfaces/include/tutorial_interfaces/tutorial_interfaces/msg/sphere.hpp
[2.764s] -- Up-to-date: /home/svaya/Documents/Ros2/ros2_wp/install/tutorial_interfaces/include/tutorial_interfaces/tutorial_interfaces/msg/detail
[2.764s] -- Installing: /home/svaya/Documents/Ros2/ros2_wp/install/tutorial_interfaces/include/tutorial_interfaces/tutorial_interfaces/msg/detail/num__struct.hpp
[2.764s] -- Installing: /home/svaya/Documents/Ros2/ros2_wp/install/tutorial_interfaces/include/tutorial_interfaces/tutorial_interfaces/msg/detail/sphere__traits.hpp
[2.764s] -- Installing: /home/svaya/Documents/Ros2/ros2_wp/install/tutorial_interfaces/include/tutorial_interfaces/tutorial_interfaces/msg/detail/sphere__struct.hpp
[2.764s] -- Installing: /home/svaya/Documents/Ros2/ros2_wp/install/tutorial_interfaces/include/tutorial_interfaces/tutorial_interfaces/msg/detail/num__builder.hpp
[2.764s] -- Installing: /home/svaya/Documents/Ros2/ros2_wp/install/tutorial_interfaces/include/tutorial_interfaces/tutorial_interfaces/msg/detail/sphere__type_support.hpp
[2.764s] -- Installing: /home/svaya/Documents/Ros2/ros2_wp/install/tutorial_interfaces/include/tutorial_interfaces/tutorial_interfaces/msg/detail/num__type_support.hpp
[2.764s] -- Installing: /home/svaya/Documents/Ros2/ros2_wp/install/tutorial_interfaces/include/tutorial_interfaces/tutorial_interfaces/msg/detail/num__traits.hpp
[2.764s] -- Installing: /home/svaya/Documents/Ros2/ros2_wp/install/tutorial_interfaces/include/tutorial_interfaces/tutorial_interfaces/msg/detail/sphere__builder.hpp
[2.764s] -- Installing: /home/svaya/Documents/Ros2/ros2_wp/install/tutorial_interfaces/include/tutorial_interfaces/tutorial_interfaces/msg/rosidl_generator_cpp__visibility_control.hpp
[2.764s] -- Up-to-date: /home/svaya/Documents/Ros2/ros2_wp/install/tutorial_interfaces/include/tutorial_interfaces/tutorial_interfaces
[2.764s] -- Up-to-date: /home/svaya/Documents/Ros2/ros2_wp/install/tutorial_interfaces/include/tutorial_interfaces/tutorial_interfaces/srv
[2.764s] -- Up-to-date: /home/svaya/Documents/Ros2/ros2_wp/install/tutorial_interfaces/include/tutorial_interfaces/tutorial_interfaces/srv/detail
[2.764s] -- Installing: /home/svaya/Documents/Ros2/ros2_wp/install/tutorial_interfaces/include/tutorial_interfaces/tutorial_interfaces/srv/detail/add_three_ints__rosidl_typesupport_fastrtps_cpp.hpp
[2.764s] -- Installing: /home/svaya/Documents/Ros2/ros2_wp/install/tutorial_interfaces/include/tutorial_interfaces/tutorial_interfaces/srv/detail/dds_fastrtps
[2.764s] -- Up-to-date: /home/svaya/Documents/Ros2/ros2_wp/install/tutorial_interfaces/include/tutorial_interfaces/tutorial_interfaces/msg
[2.764s] -- Installing: /home/svaya/Documents/Ros2/ros2_wp/install/tutorial_interfaces/include/tutorial_interfaces/tutorial_interfaces/msg/rosidl_typesupport_fastrtps_cpp__visibility_control.h
[2.765s] -- Up-to-date: /home/svaya/Documents/Ros2/ros2_wp/install/tutorial_interfaces/include/tutorial_interfaces/tutorial_interfaces/msg/detail
[2.765s] -- Installing: /home/svaya/Documents/Ros2/ros2_wp/install/tutorial_interfaces/include/tutorial_interfaces/tutorial_interfaces/msg/detail/sphere__rosidl_typesupport_fastrtps_cpp.hpp
[2.765s] -- Installing: /home/svaya/Documents/Ros2/ros2_wp/install/tutorial_interfaces/include/tutorial_interfaces/tutorial_interfaces/msg/detail/num__rosidl_typesupport_fastrtps_cpp.hpp
[2.765s] -- Installing: /home/svaya/Documents/Ros2/ros2_wp/install/tutorial_interfaces/include/tutorial_interfaces/tutorial_interfaces/msg/detail/dds_fastrtps
[2.765s] -- Installing: /home/svaya/Documents/Ros2/ros2_wp/install/tutorial_interfaces/lib/libtutorial_interfaces__rosidl_typesupport_fastrtps_cpp.so
[2.765s] -- Set runtime path of "/home/svaya/Documents/Ros2/ros2_wp/install/tutorial_interfaces/lib/libtutorial_interfaces__rosidl_typesupport_fastrtps_cpp.so" to ""
[2.765s] -- Up-to-date: /home/svaya/Documents/Ros2/ros2_wp/install/tutorial_interfaces/include/tutorial_interfaces/tutorial_interfaces
[2.765s] -- Up-to-date: /home/svaya/Documents/Ros2/ros2_wp/install/tutorial_interfaces/include/tutorial_interfaces/tutorial_interfaces/srv
[2.765s] -- Up-to-date: /home/svaya/Documents/Ros2/ros2_wp/install/tutorial_interfaces/include/tutorial_interfaces/tutorial_interfaces/srv/detail
[2.765s] -- Installing: /home/svaya/Documents/Ros2/ros2_wp/install/tutorial_interfaces/include/tutorial_interfaces/tutorial_interfaces/srv/detail/add_three_ints__type_support.c
[2.765s] -- Installing: /home/svaya/Documents/Ros2/ros2_wp/install/tutorial_interfaces/include/tutorial_interfaces/tutorial_interfaces/srv/detail/add_three_ints__rosidl_typesupport_introspection_c.h
[2.765s] -- Up-to-date: /home/svaya/Documents/Ros2/ros2_wp/install/tutorial_interfaces/include/tutorial_interfaces/tutorial_interfaces/msg
[2.766s] -- Installing: /home/svaya/Documents/Ros2/ros2_wp/install/tutorial_interfaces/include/tutorial_interfaces/tutorial_interfaces/msg/rosidl_typesupport_introspection_c__visibility_control.h
[2.766s] -- Up-to-date: /home/svaya/Documents/Ros2/ros2_wp/install/tutorial_interfaces/include/tutorial_interfaces/tutorial_interfaces/msg/detail
[2.766s] -- Installing: /home/svaya/Documents/Ros2/ros2_wp/install/tutorial_interfaces/include/tutorial_interfaces/tutorial_interfaces/msg/detail/num__type_support.c
[2.766s] -- Installing: /home/svaya/Documents/Ros2/ros2_wp/install/tutorial_interfaces/include/tutorial_interfaces/tutorial_interfaces/msg/detail/sphere__type_support.c
[2.766s] -- Installing: /home/svaya/Documents/Ros2/ros2_wp/install/tutorial_interfaces/include/tutorial_interfaces/tutorial_interfaces/msg/detail/num__rosidl_typesupport_introspection_c.h
[2.766s] -- Installing: /home/svaya/Documents/Ros2/ros2_wp/install/tutorial_interfaces/include/tutorial_interfaces/tutorial_interfaces/msg/detail/sphere__rosidl_typesupport_introspection_c.h
[2.766s] -- Installing: /home/svaya/Documents/Ros2/ros2_wp/install/tutorial_interfaces/lib/libtutorial_interfaces__rosidl_typesupport_introspection_c.so
[2.766s] -- Set runtime path of "/home/svaya/Documents/Ros2/ros2_wp/install/tutorial_interfaces/lib/libtutorial_interfaces__rosidl_typesupport_introspection_c.so" to ""
[2.766s] -- Installing: /home/svaya/Documents/Ros2/ros2_wp/install/tutorial_interfaces/lib/libtutorial_interfaces__rosidl_typesupport_c.so
[2.766s] -- Set runtime path of "/home/svaya/Documents/Ros2/ros2_wp/install/tutorial_interfaces/lib/libtutorial_interfaces__rosidl_typesupport_c.so" to ""
[2.766s] -- Up-to-date: /home/svaya/Documents/Ros2/ros2_wp/install/tutorial_interfaces/include/tutorial_interfaces/tutorial_interfaces
[2.766s] -- Up-to-date: /home/svaya/Documents/Ros2/ros2_wp/install/tutorial_interfaces/include/tutorial_interfaces/tutorial_interfaces/srv
[2.766s] -- Up-to-date: /home/svaya/Documents/Ros2/ros2_wp/install/tutorial_interfaces/include/tutorial_interfaces/tutorial_interfaces/srv/detail
[2.766s] -- Installing: /home/svaya/Documents/Ros2/ros2_wp/install/tutorial_interfaces/include/tutorial_interfaces/tutorial_interfaces/srv/detail/add_three_ints__type_support.cpp
[2.766s] -- Installing: /home/svaya/Documents/Ros2/ros2_wp/install/tutorial_interfaces/include/tutorial_interfaces/tutorial_interfaces/srv/detail/add_three_ints__rosidl_typesupport_introspection_cpp.hpp
[2.766s] -- Up-to-date: /home/svaya/Documents/Ros2/ros2_wp/install/tutorial_interfaces/include/tutorial_interfaces/tutorial_interfaces/msg
[2.766s] -- Up-to-date: /home/svaya/Documents/Ros2/ros2_wp/install/tutorial_interfaces/include/tutorial_interfaces/tutorial_interfaces/msg/detail
[2.766s] -- Installing: /home/svaya/Documents/Ros2/ros2_wp/install/tutorial_interfaces/include/tutorial_interfaces/tutorial_interfaces/msg/detail/sphere__type_support.cpp
[2.766s] -- Installing: /home/svaya/Documents/Ros2/ros2_wp/install/tutorial_interfaces/include/tutorial_interfaces/tutorial_interfaces/msg/detail/num__rosidl_typesupport_introspection_cpp.hpp
[2.766s] -- Installing: /home/svaya/Documents/Ros2/ros2_wp/install/tutorial_interfaces/include/tutorial_interfaces/tutorial_interfaces/msg/detail/sphere__rosidl_typesupport_introspection_cpp.hpp
[2.766s] -- Installing: /home/svaya/Documents/Ros2/ros2_wp/install/tutorial_interfaces/include/tutorial_interfaces/tutorial_interfaces/msg/detail/num__type_support.cpp
[2.766s] -- Installing: /home/svaya/Documents/Ros2/ros2_wp/install/tutorial_interfaces/lib/libtutorial_interfaces__rosidl_typesupport_introspection_cpp.so
[2.766s] -- Set runtime path of "/home/svaya/Documents/Ros2/ros2_wp/install/tutorial_interfaces/lib/libtutorial_interfaces__rosidl_typesupport_introspection_cpp.so" to ""
[2.766s] -- Installing: /home/svaya/Documents/Ros2/ros2_wp/install/tutorial_interfaces/lib/libtutorial_interfaces__rosidl_typesupport_cpp.so
[2.767s] -- Set runtime path of "/home/svaya/Documents/Ros2/ros2_wp/install/tutorial_interfaces/lib/libtutorial_interfaces__rosidl_typesupport_cpp.so" to ""
[2.767s] -- Installing: /home/svaya/Documents/Ros2/ros2_wp/install/tutorial_interfaces/share/tutorial_interfaces/environment/pythonpath.sh
[2.767s] -- Installing: /home/svaya/Documents/Ros2/ros2_wp/install/tutorial_interfaces/share/tutorial_interfaces/environment/pythonpath.dsv
[2.767s] -- Installing: /home/svaya/Documents/Ros2/ros2_wp/install/tutorial_interfaces/local/lib/python3.10/dist-packages/tutorial_interfaces-0.0.0-py3.10.egg-info
[2.767s] -- Installing: /home/svaya/Documents/Ros2/ros2_wp/install/tutorial_interfaces/local/lib/python3.10/dist-packages/tutorial_interfaces-0.0.0-py3.10.egg-info/PKG-INFO
[2.767s] -- Installing: /home/svaya/Documents/Ros2/ros2_wp/install/tutorial_interfaces/local/lib/python3.10/dist-packages/tutorial_interfaces-0.0.0-py3.10.egg-info/dependency_links.txt
[2.767s] -- Installing: /home/svaya/Documents/Ros2/ros2_wp/install/tutorial_interfaces/local/lib/python3.10/dist-packages/tutorial_interfaces-0.0.0-py3.10.egg-info/top_level.txt
[2.767s] -- Installing: /home/svaya/Documents/Ros2/ros2_wp/install/tutorial_interfaces/local/lib/python3.10/dist-packages/tutorial_interfaces-0.0.0-py3.10.egg-info/SOURCES.txt
[2.767s] -- Installing: /home/svaya/Documents/Ros2/ros2_wp/install/tutorial_interfaces/local/lib/python3.10/dist-packages/tutorial_interfaces
[2.767s] -- Installing: /home/svaya/Documents/Ros2/ros2_wp/install/tutorial_interfaces/local/lib/python3.10/dist-packages/tutorial_interfaces/tutorial_interfaces_s__rosidl_typesupport_c.cpython-310-x86_64-linux-gnu.so
[2.767s] -- Installing: /home/svaya/Documents/Ros2/ros2_wp/install/tutorial_interfaces/local/lib/python3.10/dist-packages/tutorial_interfaces/tutorial_interfaces_s__rosidl_typesupport_fastrtps_c.cpython-310-x86_64-linux-gnu.so
[2.767s] -- Installing: /home/svaya/Documents/Ros2/ros2_wp/install/tutorial_interfaces/local/lib/python3.10/dist-packages/tutorial_interfaces/tutorial_interfaces_s__rosidl_typesupport_introspection_c.cpython-310-x86_64-linux-gnu.so
[2.767s] -- Installing: /home/svaya/Documents/Ros2/ros2_wp/install/tutorial_interfaces/local/lib/python3.10/dist-packages/tutorial_interfaces/libtutorial_interfaces__rosidl_generator_py.so
[2.768s] -- Installing: /home/svaya/Documents/Ros2/ros2_wp/install/tutorial_interfaces/local/lib/python3.10/dist-packages/tutorial_interfaces/srv
[2.768s] -- Installing: /home/svaya/Documents/Ros2/ros2_wp/install/tutorial_interfaces/local/lib/python3.10/dist-packages/tutorial_interfaces/srv/__init__.py
[2.768s] -- Installing: /home/svaya/Documents/Ros2/ros2_wp/install/tutorial_interfaces/local/lib/python3.10/dist-packages/tutorial_interfaces/srv/_add_three_ints_s.c
[2.768s] -- Installing: /home/svaya/Documents/Ros2/ros2_wp/install/tutorial_interfaces/local/lib/python3.10/dist-packages/tutorial_interfaces/srv/_add_three_ints.py
[2.768s] -- Installing: /home/svaya/Documents/Ros2/ros2_wp/install/tutorial_interfaces/local/lib/python3.10/dist-packages/tutorial_interfaces/_tutorial_interfaces_s.ep.rosidl_typesupport_fastrtps_c.c
[2.768s] -- Installing: /home/svaya/Documents/Ros2/ros2_wp/install/tutorial_interfaces/local/lib/python3.10/dist-packages/tutorial_interfaces/__init__.py
[2.768s] -- Installing: /home/svaya/Documents/Ros2/ros2_wp/install/tutorial_interfaces/local/lib/python3.10/dist-packages/tutorial_interfaces/msg
[2.768s] -- Installing: /home/svaya/Documents/Ros2/ros2_wp/install/tutorial_interfaces/local/lib/python3.10/dist-packages/tutorial_interfaces/msg/_sphere.py
[2.768s] -- Installing: /home/svaya/Documents/Ros2/ros2_wp/install/tutorial_interfaces/local/lib/python3.10/dist-packages/tutorial_interfaces/msg/_num.py
[2.768s] -- Installing: /home/svaya/Documents/Ros2/ros2_wp/install/tutorial_interfaces/local/lib/python3.10/dist-packages/tutorial_interfaces/msg/_num_s.c
[2.768s] -- Installing: /home/svaya/Documents/Ros2/ros2_wp/install/tutorial_interfaces/local/lib/python3.10/dist-packages/tutorial_interfaces/msg/__init__.py
[2.768s] -- Installing: /home/svaya/Documents/Ros2/ros2_wp/install/tutorial_interfaces/local/lib/python3.10/dist-packages/tutorial_interfaces/msg/_sphere_s.c
[2.768s] -- Installing: /home/svaya/Documents/Ros2/ros2_wp/install/tutorial_interfaces/local/lib/python3.10/dist-packages/tutorial_interfaces/_tutorial_interfaces_s.ep.rosidl_typesupport_c.c
[2.768s] -- Installing: /home/svaya/Documents/Ros2/ros2_wp/install/tutorial_interfaces/local/lib/python3.10/dist-packages/tutorial_interfaces/_tutorial_interfaces_s.ep.rosidl_typesupport_introspection_c.c
[2.792s] Listing '/home/svaya/Documents/Ros2/ros2_wp/install/tutorial_interfaces/local/lib/python3.10/dist-packages/tutorial_interfaces'...
[2.792s] Compiling '/home/svaya/Documents/Ros2/ros2_wp/install/tutorial_interfaces/local/lib/python3.10/dist-packages/tutorial_interfaces/__init__.py'...
[2.792s] Listing '/home/svaya/Documents/Ros2/ros2_wp/install/tutorial_interfaces/local/lib/python3.10/dist-packages/tutorial_interfaces/msg'...
[2.792s] Compiling '/home/svaya/Documents/Ros2/ros2_wp/install/tutorial_interfaces/local/lib/python3.10/dist-packages/tutorial_interfaces/msg/__init__.py'...
[2.792s] Compiling '/home/svaya/Documents/Ros2/ros2_wp/install/tutorial_interfaces/local/lib/python3.10/dist-packages/tutorial_interfaces/msg/_num.py'...
[2.792s] Compiling '/home/svaya/Documents/Ros2/ros2_wp/install/tutorial_interfaces/local/lib/python3.10/dist-packages/tutorial_interfaces/msg/_sphere.py'...
[2.792s] Listing '/home/svaya/Documents/Ros2/ros2_wp/install/tutorial_interfaces/local/lib/python3.10/dist-packages/tutorial_interfaces/srv'...
[2.792s] Compiling '/home/svaya/Documents/Ros2/ros2_wp/install/tutorial_interfaces/local/lib/python3.10/dist-packages/tutorial_interfaces/srv/__init__.py'...
[2.792s] Compiling '/home/svaya/Documents/Ros2/ros2_wp/install/tutorial_interfaces/local/lib/python3.10/dist-packages/tutorial_interfaces/srv/_add_three_ints.py'...
[2.795s] -- Installing: /home/svaya/Documents/Ros2/ros2_wp/install/tutorial_interfaces/local/lib/python3.10/dist-packages/tutorial_interfaces/tutorial_interfaces_s__rosidl_typesupport_fastrtps_c.cpython-310-x86_64-linux-gnu.so
[2.796s] -- Set runtime path of "/home/svaya/Documents/Ros2/ros2_wp/install/tutorial_interfaces/local/lib/python3.10/dist-packages/tutorial_interfaces/tutorial_interfaces_s__rosidl_typesupport_fastrtps_c.cpython-310-x86_64-linux-gnu.so" to ""
[2.796s] -- Installing: /home/svaya/Documents/Ros2/ros2_wp/install/tutorial_interfaces/local/lib/python3.10/dist-packages/tutorial_interfaces/tutorial_interfaces_s__rosidl_typesupport_introspection_c.cpython-310-x86_64-linux-gnu.so
[2.796s] -- Set runtime path of "/home/svaya/Documents/Ros2/ros2_wp/install/tutorial_interfaces/local/lib/python3.10/dist-packages/tutorial_interfaces/tutorial_interfaces_s__rosidl_typesupport_introspection_c.cpython-310-x86_64-linux-gnu.so" to ""
[2.796s] -- Installing: /home/svaya/Documents/Ros2/ros2_wp/install/tutorial_interfaces/local/lib/python3.10/dist-packages/tutorial_interfaces/tutorial_interfaces_s__rosidl_typesupport_c.cpython-310-x86_64-linux-gnu.so
[2.796s] -- Set runtime path of "/home/svaya/Documents/Ros2/ros2_wp/install/tutorial_interfaces/local/lib/python3.10/dist-packages/tutorial_interfaces/tutorial_interfaces_s__rosidl_typesupport_c.cpython-310-x86_64-linux-gnu.so" to ""
[2.796s] -- Installing: /home/svaya/Documents/Ros2/ros2_wp/install/tutorial_interfaces/lib/libtutorial_interfaces__rosidl_generator_py.so
[2.796s] -- Set runtime path of "/home/svaya/Documents/Ros2/ros2_wp/install/tutorial_interfaces/lib/libtutorial_interfaces__rosidl_generator_py.so" to ""
[2.796s] -- Installing: /home/svaya/Documents/Ros2/ros2_wp/install/tutorial_interfaces/share/tutorial_interfaces/msg/Num.idl
[2.796s] -- Installing: /home/svaya/Documents/Ros2/ros2_wp/install/tutorial_interfaces/share/tutorial_interfaces/msg/Sphere.idl
[2.796s] -- Installing: /home/svaya/Documents/Ros2/ros2_wp/install/tutorial_interfaces/share/tutorial_interfaces/srv/AddThreeInts.idl
[2.797s] -- Installing: /home/svaya/Documents/Ros2/ros2_wp/install/tutorial_interfaces/share/tutorial_interfaces/msg/Num.msg
[2.797s] -- Installing: /home/svaya/Documents/Ros2/ros2_wp/install/tutorial_interfaces/share/tutorial_interfaces/msg/Sphere.msg
[2.797s] -- Installing: /home/svaya/Documents/Ros2/ros2_wp/install/tutorial_interfaces/share/tutorial_interfaces/srv/AddThreeInts.srv
[2.797s] -- Installing: /home/svaya/Documents/Ros2/ros2_wp/install/tutorial_interfaces/share/tutorial_interfaces/srv/AddThreeInts_Request.msg
[2.797s] -- Installing: /home/svaya/Documents/Ros2/ros2_wp/install/tutorial_interfaces/share/tutorial_interfaces/srv/AddThreeInts_Response.msg
[2.797s] -- Installing: /home/svaya/Documents/Ros2/ros2_wp/install/tutorial_interfaces/share/ament_index/resource_index/package_run_dependencies/tutorial_interfaces
[2.797s] -- Installing: /home/svaya/Documents/Ros2/ros2_wp/install/tutorial_interfaces/share/ament_index/resource_index/parent_prefix_path/tutorial_interfaces
[2.797s] -- Installing: /home/svaya/Documents/Ros2/ros2_wp/install/tutorial_interfaces/share/tutorial_interfaces/environment/ament_prefix_path.sh
[2.797s] -- Installing: /home/svaya/Documents/Ros2/ros2_wp/install/tutorial_interfaces/share/tutorial_interfaces/environment/ament_prefix_path.dsv
[2.797s] -- Installing: /home/svaya/Documents/Ros2/ros2_wp/install/tutorial_interfaces/share/tutorial_interfaces/environment/path.sh
[2.797s] -- Installing: /home/svaya/Documents/Ros2/ros2_wp/install/tutorial_interfaces/share/tutorial_interfaces/environment/path.dsv
[2.797s] -- Installing: /home/svaya/Documents/Ros2/ros2_wp/install/tutorial_interfaces/share/tutorial_interfaces/local_setup.bash
[2.797s] -- Installing: /home/svaya/Documents/Ros2/ros2_wp/install/tutorial_interfaces/share/tutorial_interfaces/local_setup.sh
[2.797s] -- Installing: /home/svaya/Documents/Ros2/ros2_wp/install/tutorial_interfaces/share/tutorial_interfaces/local_setup.zsh
[2.797s] -- Installing: /home/svaya/Documents/Ros2/ros2_wp/install/tutorial_interfaces/share/tutorial_interfaces/local_setup.dsv
[2.797s] -- Installing: /home/svaya/Documents/Ros2/ros2_wp/install/tutorial_interfaces/share/tutorial_interfaces/package.dsv
[2.798s] -- Installing: /home/svaya/Documents/Ros2/ros2_wp/install/tutorial_interfaces/share/ament_index/resource_index/packages/tutorial_interfaces
[2.798s] -- Installing: /home/svaya/Documents/Ros2/ros2_wp/install/tutorial_interfaces/share/tutorial_interfaces/cmake/export_tutorial_interfaces__rosidl_generator_cExport.cmake
[2.798s] -- Installing: /home/svaya/Documents/Ros2/ros2_wp/install/tutorial_interfaces/share/tutorial_interfaces/cmake/export_tutorial_interfaces__rosidl_generator_cExport-noconfig.cmake
[2.798s] -- Installing: /home/svaya/Documents/Ros2/ros2_wp/install/tutorial_interfaces/share/tutorial_interfaces/cmake/export_tutorial_interfaces__rosidl_typesupport_fastrtps_cExport.cmake
[2.798s] -- Installing: /home/svaya/Documents/Ros2/ros2_wp/install/tutorial_interfaces/share/tutorial_interfaces/cmake/export_tutorial_interfaces__rosidl_typesupport_fastrtps_cExport-noconfig.cmake
[2.798s] -- Installing: /home/svaya/Documents/Ros2/ros2_wp/install/tutorial_interfaces/share/tutorial_interfaces/cmake/export_tutorial_interfaces__rosidl_generator_cppExport.cmake
[2.798s] -- Installing: /home/svaya/Documents/Ros2/ros2_wp/install/tutorial_interfaces/share/tutorial_interfaces/cmake/export_tutorial_interfaces__rosidl_typesupport_fastrtps_cppExport.cmake
[2.798s] -- Installing: /home/svaya/Documents/Ros2/ros2_wp/install/tutorial_interfaces/share/tutorial_interfaces/cmake/export_tutorial_interfaces__rosidl_typesupport_fastrtps_cppExport-noconfig.cmake
[2.798s] -- Installing: /home/svaya/Documents/Ros2/ros2_wp/install/tutorial_interfaces/share/tutorial_interfaces/cmake/tutorial_interfaces__rosidl_typesupport_introspection_cExport.cmake
[2.798s] -- Installing: /home/svaya/Documents/Ros2/ros2_wp/install/tutorial_interfaces/share/tutorial_interfaces/cmake/tutorial_interfaces__rosidl_typesupport_introspection_cExport-noconfig.cmake
[2.798s] -- Installing: /home/svaya/Documents/Ros2/ros2_wp/install/tutorial_interfaces/share/tutorial_interfaces/cmake/tutorial_interfaces__rosidl_typesupport_cExport.cmake
[2.799s] -- Installing: /home/svaya/Documents/Ros2/ros2_wp/install/tutorial_interfaces/share/tutorial_interfaces/cmake/tutorial_interfaces__rosidl_typesupport_cExport-noconfig.cmake
[2.799s] -- Installing: /home/svaya/Documents/Ros2/ros2_wp/install/tutorial_interfaces/share/tutorial_interfaces/cmake/tutorial_interfaces__rosidl_typesupport_introspection_cppExport.cmake
[2.799s] -- Installing: /home/svaya/Documents/Ros2/ros2_wp/install/tutorial_interfaces/share/tutorial_interfaces/cmake/tutorial_interfaces__rosidl_typesupport_introspection_cppExport-noconfig.cmake
[2.799s] -- Installing: /home/svaya/Documents/Ros2/ros2_wp/install/tutorial_interfaces/share/tutorial_interfaces/cmake/tutorial_interfaces__rosidl_typesupport_cppExport.cmake
[2.799s] -- Installing: /home/svaya/Documents/Ros2/ros2_wp/install/tutorial_interfaces/share/tutorial_interfaces/cmake/tutorial_interfaces__rosidl_typesupport_cppExport-noconfig.cmake
[2.799s] -- Installing: /home/svaya/Documents/Ros2/ros2_wp/install/tutorial_interfaces/share/tutorial_interfaces/cmake/export_tutorial_interfaces__rosidl_generator_pyExport.cmake
[2.799s] -- Installing: /home/svaya/Documents/Ros2/ros2_wp/install/tutorial_interfaces/share/tutorial_interfaces/cmake/export_tutorial_interfaces__rosidl_generator_pyExport-noconfig.cmake
[2.799s] -- Installing: /home/svaya/Documents/Ros2/ros2_wp/install/tutorial_interfaces/share/tutorial_interfaces/cmake/rosidl_cmake-extras.cmake
[2.799s] -- Installing: /home/svaya/Documents/Ros2/ros2_wp/install/tutorial_interfaces/share/tutorial_interfaces/cmake/ament_cmake_export_dependencies-extras.cmake
[2.799s] -- Installing: /home/svaya/Documents/Ros2/ros2_wp/install/tutorial_interfaces/share/tutorial_interfaces/cmake/ament_cmake_export_include_directories-extras.cmake
[2.799s] -- Installing: /home/svaya/Documents/Ros2/ros2_wp/install/tutorial_interfaces/share/tutorial_interfaces/cmake/ament_cmake_export_libraries-extras.cmake
[2.799s] -- Installing: /home/svaya/Documents/Ros2/ros2_wp/install/tutorial_interfaces/share/tutorial_interfaces/cmake/ament_cmake_export_targets-extras.cmake
[2.799s] -- Installing: /home/svaya/Documents/Ros2/ros2_wp/install/tutorial_interfaces/share/tutorial_interfaces/cmake/rosidl_cmake_export_typesupport_targets-extras.cmake
[2.799s] -- Installing: /home/svaya/Documents/Ros2/ros2_wp/install/tutorial_interfaces/share/tutorial_interfaces/cmake/rosidl_cmake_export_typesupport_libraries-extras.cmake
[2.799s] -- Installing: /home/svaya/Documents/Ros2/ros2_wp/install/tutorial_interfaces/share/tutorial_interfaces/cmake/tutorial_interfacesConfig.cmake
[2.800s] -- Installing: /home/svaya/Documents/Ros2/ros2_wp/install/tutorial_interfaces/share/tutorial_interfaces/cmake/tutorial_interfacesConfig-version.cmake
[2.800s] -- Installing: /home/svaya/Documents/Ros2/ros2_wp/install/tutorial_interfaces/share/tutorial_interfaces/package.xml
[2.801s] Invoked command in '/home/svaya/Documents/Ros2/ros2_wp/build/tutorial_interfaces' returned '0': CMAKE_PREFIX_PATH=${CMAKE_PREFIX_PATH}:/opt/ros/humble /usr/bin/cmake --install /home/svaya/Documents/Ros2/ros2_wp/build/tutorial_interfaces
