[0.007s] Invoking command in '/home/svaya/Documents/ros2/multithreading/build/cpp_pubsub2': CMAKE_PREFIX_PATH=/opt/ros/humble /usr/bin/cmake /home/svaya/Documents/ros2/multithreading/src/cpp_pubsub2 -DCMAKE_INSTALL_PREFIX=/home/svaya/Documents/ros2/multithreading/install/cpp_pubsub2
[0.058s] -- The C compiler identification is GNU 11.4.0
[0.106s] -- The CXX compiler identification is GNU 11.4.0
[0.111s] -- Detecting C compiler ABI info
[0.184s] -- Detecting C compiler ABI info - done
[0.192s] -- Check for working C compiler: /usr/bin/cc - skipped
[0.192s] -- Detecting C compile features
[0.193s] -- Detecting C compile features - done
[0.194s] -- Detecting CXX compiler ABI info
[0.245s] -- Detecting CXX compiler ABI info - done
[0.250s] -- Check for working CXX compiler: /usr/bin/c++ - skipped
[0.250s] -- Detecting CXX compile features
[0.250s] -- Detecting CXX compile features - done
[0.252s] -- Found ament_cmake: 1.3.11 (/opt/ros/humble/share/ament_cmake/cmake)
[0.358s] -- Found Python3: /usr/bin/python3 (found version "3.10.12") found components: Interpreter 
[0.411s] -- Found rclcpp: 16.0.12 (/opt/ros/humble/share/rclcpp/cmake)
[0.433s] -- Found rosidl_generator_c: 3.1.6 (/opt/ros/humble/share/rosidl_generator_c/cmake)
[0.436s] -- Found rosidl_adapter: 3.1.6 (/opt/ros/humble/share/rosidl_adapter/cmake)
[0.440s] -- Found rosidl_generator_cpp: 3.1.6 (/opt/ros/humble/share/rosidl_generator_cpp/cmake)
[0.447s] -- Using all available rosidl_typesupport_c: rosidl_typesupport_fastrtps_c;rosidl_typesupport_introspection_c
[0.456s] -- Using all available rosidl_typesupport_cpp: rosidl_typesupport_fastrtps_cpp;rosidl_typesupport_introspection_cpp
[0.480s] -- Found rmw_implementation_cmake: 6.1.2 (/opt/ros/humble/share/rmw_implementation_cmake/cmake)
[0.481s] -- Found rmw_fastrtps_cpp: 6.2.7 (/opt/ros/humble/share/rmw_fastrtps_cpp/cmake)
[0.554s] -- Found OpenSSL: /usr/lib/x86_64-linux-gnu/libcrypto.so (found version "3.0.2")  
[0.577s] -- Found FastRTPS: /opt/ros/humble/include  
[0.603s] -- Using RMW implementation 'rmw_fastrtps_cpp' as default
[0.608s] -- Looking for pthread.h
[0.670s] -- Looking for pthread.h - found
[0.670s] -- Performing Test CMAKE_HAVE_LIBC_PTHREAD
[0.725s] -- Performing Test CMAKE_HAVE_LIBC_PTHREAD - Success
[0.726s] -- Found Threads: TRUE  
[0.802s] -- Configuring done
[0.808s] -- Generating done
[0.811s] -- Build files have been written to: /home/svaya/Documents/ros2/multithreading/build/cpp_pubsub2
[0.817s] Invoked command in '/home/svaya/Documents/ros2/multithreading/build/cpp_pubsub2' returned '0': CMAKE_PREFIX_PATH=/opt/ros/humble /usr/bin/cmake /home/svaya/Documents/ros2/multithreading/src/cpp_pubsub2 -DCMAKE_INSTALL_PREFIX=/home/svaya/Documents/ros2/multithreading/install/cpp_pubsub2
[0.818s] Invoking command in '/home/svaya/Documents/ros2/multithreading/build/cpp_pubsub2': CMAKE_PREFIX_PATH=/opt/ros/humble /usr/bin/cmake --build /home/svaya/Documents/ros2/multithreading/build/cpp_pubsub2 -- -j28 -l28
[0.854s] [ 25%] [32mBuilding CXX object CMakeFiles/talker.dir/src/publisher_member_function.cpp.o[0m
[0.860s] [ 50%] [32mBuilding CXX object CMakeFiles/listener.dir/src/subscriber_member_function.cpp.o[0m
[3.308s] [ 75%] [32m[1mLinking CXX executable talker[0m
[3.421s] [ 75%] Built target talker
[5.369s] [100%] [32m[1mLinking CXX executable listener[0m
[5.593s] [100%] Built target listener
[5.601s] Invoked command in '/home/svaya/Documents/ros2/multithreading/build/cpp_pubsub2' returned '0': CMAKE_PREFIX_PATH=/opt/ros/humble /usr/bin/cmake --build /home/svaya/Documents/ros2/multithreading/build/cpp_pubsub2 -- -j28 -l28
[5.609s] Invoking command in '/home/svaya/Documents/ros2/multithreading/build/cpp_pubsub2': CMAKE_PREFIX_PATH=/opt/ros/humble /usr/bin/cmake --install /home/svaya/Documents/ros2/multithreading/build/cpp_pubsub2
[5.614s] -- Install configuration: ""
[5.614s] -- Installing: /home/svaya/Documents/ros2/multithreading/install/cpp_pubsub2/lib/cpp_pubsub2/talker
[5.615s] -- Set runtime path of "/home/svaya/Documents/ros2/multithreading/install/cpp_pubsub2/lib/cpp_pubsub2/talker" to ""
[5.615s] -- Installing: /home/svaya/Documents/ros2/multithreading/install/cpp_pubsub2/lib/cpp_pubsub2/listener
[5.616s] -- Set runtime path of "/home/svaya/Documents/ros2/multithreading/install/cpp_pubsub2/lib/cpp_pubsub2/listener" to ""
[5.616s] -- Installing: /home/svaya/Documents/ros2/multithreading/install/cpp_pubsub2/share/ament_index/resource_index/package_run_dependencies/cpp_pubsub2
[5.617s] -- Installing: /home/svaya/Documents/ros2/multithreading/install/cpp_pubsub2/share/ament_index/resource_index/parent_prefix_path/cpp_pubsub2
[5.617s] -- Installing: /home/svaya/Documents/ros2/multithreading/install/cpp_pubsub2/share/cpp_pubsub2/environment/ament_prefix_path.sh
[5.617s] -- Installing: /home/svaya/Documents/ros2/multithreading/install/cpp_pubsub2/share/cpp_pubsub2/environment/ament_prefix_path.dsv
[5.617s] -- Installing: /home/svaya/Documents/ros2/multithreading/install/cpp_pubsub2/share/cpp_pubsub2/environment/path.sh
[5.617s] -- Installing: /home/svaya/Documents/ros2/multithreading/install/cpp_pubsub2/share/cpp_pubsub2/environment/path.dsv
[5.617s] -- Installing: /home/svaya/Documents/ros2/multithreading/install/cpp_pubsub2/share/cpp_pubsub2/local_setup.bash
[5.617s] -- Installing: /home/svaya/Documents/ros2/multithreading/install/cpp_pubsub2/share/cpp_pubsub2/local_setup.sh
[5.617s] -- Installing: /home/svaya/Documents/ros2/multithreading/install/cpp_pubsub2/share/cpp_pubsub2/local_setup.zsh
[5.617s] -- Installing: /home/svaya/Documents/ros2/multithreading/install/cpp_pubsub2/share/cpp_pubsub2/local_setup.dsv
[5.617s] -- Installing: /home/svaya/Documents/ros2/multithreading/install/cpp_pubsub2/share/cpp_pubsub2/package.dsv
[5.617s] -- Installing: /home/svaya/Documents/ros2/multithreading/install/cpp_pubsub2/share/ament_index/resource_index/packages/cpp_pubsub2
[5.617s] -- Installing: /home/svaya/Documents/ros2/multithreading/install/cpp_pubsub2/share/cpp_pubsub2/cmake/cpp_pubsub2Config.cmake
[5.617s] -- Installing: /home/svaya/Documents/ros2/multithreading/install/cpp_pubsub2/share/cpp_pubsub2/cmake/cpp_pubsub2Config-version.cmake
[5.617s] -- Installing: /home/svaya/Documents/ros2/multithreading/install/cpp_pubsub2/share/cpp_pubsub2/package.xml
[5.618s] Invoked command in '/home/svaya/Documents/ros2/multithreading/build/cpp_pubsub2' returned '0': CMAKE_PREFIX_PATH=/opt/ros/humble /usr/bin/cmake --install /home/svaya/Documents/ros2/multithreading/build/cpp_pubsub2
