[35m[1mConsolidate compiler generated dependencies of target parallelism[0m
[ 50%] [32mBuilding CXX object CMakeFiles/parallelism.dir/src/main.cpp.o[0m
[100%] [32m[1mLinking CXX executable parallelism[0m
[100%] Built target parallelism
-- Install configuration: ""
-- Installing: /home/svaya/Documents/ros2/multithreading/install/cpp_pubsub1/lib/cpp_pubsub1/parallelism
-- Set runtime path of "/home/svaya/Documents/ros2/multithreading/install/cpp_pubsub1/lib/cpp_pubsub1/parallelism" to ""
-- Up-to-date: /home/svaya/Documents/ros2/multithreading/install/cpp_pubsub1/share/ament_index/resource_index/package_run_dependencies/cpp_pubsub1
-- Up-to-date: /home/svaya/Documents/ros2/multithreading/install/cpp_pubsub1/share/ament_index/resource_index/parent_prefix_path/cpp_pubsub1
-- Up-to-date: /home/svaya/Documents/ros2/multithreading/install/cpp_pubsub1/share/cpp_pubsub1/environment/ament_prefix_path.sh
-- Installing: /home/svaya/Documents/ros2/multithreading/install/cpp_pubsub1/share/cpp_pubsub1/environment/ament_prefix_path.dsv
-- Up-to-date: /home/svaya/Documents/ros2/multithreading/install/cpp_pubsub1/share/cpp_pubsub1/environment/path.sh
-- Installing: /home/svaya/Documents/ros2/multithreading/install/cpp_pubsub1/share/cpp_pubsub1/environment/path.dsv
-- Up-to-date: /home/svaya/Documents/ros2/multithreading/install/cpp_pubsub1/share/cpp_pubsub1/local_setup.bash
-- Up-to-date: /home/svaya/Documents/ros2/multithreading/install/cpp_pubsub1/share/cpp_pubsub1/local_setup.sh
-- Up-to-date: /home/svaya/Documents/ros2/multithreading/install/cpp_pubsub1/share/cpp_pubsub1/local_setup.zsh
-- Installing: /home/svaya/Documents/ros2/multithreading/install/cpp_pubsub1/share/cpp_pubsub1/local_setup.dsv
-- Installing: /home/svaya/Documents/ros2/multithreading/install/cpp_pubsub1/share/cpp_pubsub1/package.dsv
-- Up-to-date: /home/svaya/Documents/ros2/multithreading/install/cpp_pubsub1/share/ament_index/resource_index/packages/cpp_pubsub1
-- Up-to-date: /home/svaya/Documents/ros2/multithreading/install/cpp_pubsub1/share/cpp_pubsub1/cmake/cpp_pubsub1Config.cmake
-- Up-to-date: /home/svaya/Documents/ros2/multithreading/install/cpp_pubsub1/share/cpp_pubsub1/cmake/cpp_pubsub1Config-version.cmake
-- Up-to-date: /home/svaya/Documents/ros2/multithreading/install/cpp_pubsub1/share/cpp_pubsub1/package.xml
